<testsuites id="" name="" tests="5" failures="0" skipped="5" errors="0" time="11.320824">
<testsuite name="e2e/api/cv-improvement-malformed-response.spec.ts" timestamp="2025-07-29T13:57:35.863Z" hostname="chromium" tests="5" failures="0" skipped="5" time="6.877" errors="0">
<testcase name="CV Improvement API - Retry Mechanism &amp; Response Handling › should retry and succeed after initial malformed response" classname="e2e/api/cv-improvement-malformed-response.spec.ts" time="3.045">
<properties>
<property name="skip" value="No existing CV analysis found - skipping retry test">
</property>
</properties>
<skipped>
</skipped>
</testcase>
<testcase name="CV Improvement API - Retry Mechanism &amp; Response Handling › should handle malformed Gemini responses with trailing string elements" classname="e2e/api/cv-improvement-malformed-response.spec.ts" time="1.239">
<properties>
<property name="skip" value="No existing CV analysis found - skipping malformed response test">
</property>
</properties>
<skipped>
</skipped>
</testcase>
<testcase name="CV Improvement API - Retry Mechanism &amp; Response Handling › should handle completely malformed JSON responses gracefully" classname="e2e/api/cv-improvement-malformed-response.spec.ts" time="0.913">
<properties>
<property name="skip" value="No existing CV analysis found - skipping malformed JSON test">
</property>
</properties>
<skipped>
</skipped>
</testcase>
<testcase name="CV Improvement API - Retry Mechanism &amp; Response Handling › should successfully process valid Gemini responses" classname="e2e/api/cv-improvement-malformed-response.spec.ts" time="0.858">
<properties>
<property name="skip" value="No existing CV analysis found - skipping valid response test">
</property>
</properties>
<skipped>
</skipped>
</testcase>
<testcase name="CV Improvement API - Retry Mechanism &amp; Response Handling › should show API failure modal when all 7 retries fail" classname="e2e/api/cv-improvement-malformed-response.spec.ts" time="0.822">
<properties>
<property name="skip" value="No existing CV analysis found - skipping retry exhaustion test">
</property>
</properties>
<skipped>
</skipped>
</testcase>
</testsuite>
</testsuites>