<testsuites id="" name="" tests="5" failures="0" skipped="0" errors="0" time="12.845755">
<testsuite name="e2e/focused/session-debug.spec.ts" timestamp="2025-07-31T12:02:32.443Z" hostname="chromium" tests="1" failures="0" skipped="0" time="10.363" errors="0">
<testcase name="Session Debug Test › should debug session object in upload API" classname="e2e/focused/session-debug.spec.ts" time="10.363">
<system-out>
<![CDATA[🔍 Testing session debug in upload API...
📄 Upload section found - attempting file upload to debug session...
🔄 Clicking upload button to trigger session debug...
✅ Upload attempted - check server logs for session debug info
]]>
</system-out>
</testcase>
</testsuite>
<testsuite name="e2e/focused/session-debug.spec.ts" timestamp="2025-07-31T12:02:32.443Z" hostname="firefox" tests="1" failures="0" skipped="0" time="10.131" errors="0">
<testcase name="Session Debug Test › should debug session object in upload API" classname="e2e/focused/session-debug.spec.ts" time="10.131">
<system-out>
<![CDATA[🔍 Testing session debug in upload API...
📄 Upload section found - attempting file upload to debug session...
🔄 Clicking upload button to trigger session debug...
✅ Upload attempted - check server logs for session debug info
]]>
</system-out>
</testcase>
</testsuite>
<testsuite name="e2e/focused/session-debug.spec.ts" timestamp="2025-07-31T12:02:32.443Z" hostname="webkit" tests="1" failures="0" skipped="0" time="10.463" errors="0">
<testcase name="Session Debug Test › should debug session object in upload API" classname="e2e/focused/session-debug.spec.ts" time="10.463">
<system-out>
<![CDATA[🔍 Testing session debug in upload API...
📄 Upload section found - attempting file upload to debug session...
🔄 Clicking upload button to trigger session debug...
✅ Upload attempted - check server logs for session debug info
]]>
</system-out>
</testcase>
</testsuite>
<testsuite name="e2e/focused/session-debug.spec.ts" timestamp="2025-07-31T12:02:32.443Z" hostname="Mobile Chrome" tests="1" failures="0" skipped="0" time="10.6" errors="0">
<testcase name="Session Debug Test › should debug session object in upload API" classname="e2e/focused/session-debug.spec.ts" time="10.6">
<system-out>
<![CDATA[🔍 Testing session debug in upload API...
📄 Upload section found - attempting file upload to debug session...
🔄 Clicking upload button to trigger session debug...
✅ Upload attempted - check server logs for session debug info
]]>
</system-out>
</testcase>
</testsuite>
<testsuite name="e2e/focused/session-debug.spec.ts" timestamp="2025-07-31T12:02:32.443Z" hostname="Mobile Safari" tests="1" failures="0" skipped="0" time="10.322" errors="0">
<testcase name="Session Debug Test › should debug session object in upload API" classname="e2e/focused/session-debug.spec.ts" time="10.322">
<system-out>
<![CDATA[🔍 Testing session debug in upload API...
📄 Upload section found - attempting file upload to debug session...
🔄 Clicking upload button to trigger session debug...
✅ Upload attempted - check server logs for session debug info
]]>
</system-out>
</testcase>
</testsuite>
</testsuites>