{"/Users/filipmellqvist/CursorProjects/techrec/types/cv.ts": {"path":"/Users/filipmellqvist/CursorProjects/techrec/types/cv.ts","statementMap":{"0":{"start":{"line":1,"column":0},"end":{"line":1,"column":24}},"1":{"start":{"line":2,"column":0},"end":{"line":2,"column":48}},"2":{"start":{"line":21,"column":13},"end":{"line":29,"column":3}},"3":{"start":{"line":32,"column":13},"end":{"line":37,"column":11}},"4":{"start":{"line":40,"column":13},"end":{"line":50,"column":3}},"5":{"start":{"line":53,"column":13},"end":{"line":67,"column":3}},"6":{"start":{"line":70,"column":13},"end":{"line":79,"column":3}},"7":{"start":{"line":82,"column":13},"end":{"line":89,"column":3}},"8":{"start":{"line":92,"column":36},"end":{"line":186,"column":1}},"9":{"start":{"line":102,"column":40},"end":{"line":102,"column":42}},"10":{"start":{"line":105,"column":17},"end":{"line":105,"column":39}},"11":{"start":{"line":106,"column":2},"end":{"line":114,"column":3}},"12":{"start":{"line":107,"column":4},"end":{"line":113,"column":7}},"13":{"start":{"line":108,"column":6},"end":{"line":112,"column":9}},"14":{"start":{"line":109,"column":34},"end":{"line":109,"column":43}},"15":{"start":{"line":111,"column":55},"end":{"line":111,"column":65}},"16":{"start":{"line":117,"column":2},"end":{"line":179,"column":3}},"17":{"start":{"line":118,"column":25},"end":{"line":176,"column":5}},"18":{"start":{"line":120,"column":6},"end":{"line":132,"column":7}},"19":{"start":{"line":121,"column":8},"end":{"line":131,"column":11}},"20":{"start":{"line":122,"column":28},"end":{"line":122,"column":48}},"21":{"start":{"line":123,"column":24},"end":{"line":123,"column":67}},"22":{"start":{"line":123,"column":53},"end":{"line":123,"column":61}},"23":{"start":{"line":124,"column":10},"end":{"line":130,"column":11}},"24":{"start":{"line":125,"column":12},"end":{"line":129,"column":15}},"25":{"start":{"line":134,"column":6},"end":{"line":175,"column":9}},"26":{"start":{"line":135,"column":28},"end":{"line":135,"column":42}},"27":{"start":{"line":137,"column":8},"end":{"line":147,"column":9}},"28":{"start":{"line":138,"column":29},"end":{"line":138,"column":57}},"29":{"start":{"line":139,"column":10},"end":{"line":146,"column":11}},"30":{"start":{"line":140,"column":12},"end":{"line":145,"column":15}},"31":{"start":{"line":149,"column":8},"end":{"line":159,"column":9}},"32":{"start":{"line":150,"column":10},"end":{"line":158,"column":11}},"33":{"start":{"line":151,"column":12},"end":{"line":151,"column":27}},"34":{"start":{"line":153,"column":12},"end":{"line":157,"column":15}},"35":{"start":{"line":161,"column":8},"end":{"line":170,"column":9}},"36":{"start":{"line":162,"column":28},"end":{"line":162,"column":52}},"37":{"start":{"line":163,"column":10},"end":{"line":169,"column":11}},"38":{"start":{"line":164,"column":12},"end":{"line":168,"column":15}},"39":{"start":{"line":172,"column":8},"end":{"line":174,"column":9}},"40":{"start":{"line":173,"column":10},"end":{"line":173,"column":43}},"41":{"start":{"line":178,"column":4},"end":{"line":178,"column":23}},"42":{"start":{"line":181,"column":2},"end":{"line":185,"column":4}},"43":{"start":{"line":92,"column":13},"end":{"line":92,"column":36}},"44":{"start":{"line":189,"column":13},"end":{"line":210,"column":3}},"45":{"start":{"line":213,"column":13},"end":{"line":213,"column":68}},"46":{"start":{"line":216,"column":13},"end":{"line":238,"column":3}},"47":{"start":{"line":241,"column":13},"end":{"line":245,"column":3}},"48":{"start":{"line":248,"column":13},"end":{"line":263,"column":3}},"49":{"start":{"line":266,"column":13},"end":{"line":277,"column":3}},"50":{"start":{"line":280,"column":13},"end":{"line":283,"column":3}},"51":{"start":{"line":286,"column":13},"end":{"line":289,"column":3}}},"fnMap":{"0":{"name":"(anonymous_0)","decl":{"start":{"line":92,"column":36},"end":{"line":92,"column":null}},"loc":{"start":{"line":101,"column":25},"end":{"line":186,"column":1}}},"1":{"name":"(anonymous_1)","decl":{"start":{"line":107,"column":32},"end":{"line":107,"column":37}},"loc":{"start":{"line":107,"column":40},"end":{"line":113,"column":5}}},"2":{"name":"(anonymous_2)","decl":{"start":{"line":109,"column":29},"end":{"line":109,"column":30}},"loc":{"start":{"line":109,"column":34},"end":{"line":109,"column":43}}},"3":{"name":"(anonymous_3)","decl":{"start":{"line":111,"column":41},"end":{"line":111,"column":42}},"loc":{"start":{"line":111,"column":55},"end":{"line":111,"column":65}}},"4":{"name":"(anonymous_4)","decl":{"start":{"line":118,"column":25},"end":{"line":118,"column":26}},"loc":{"start":{"line":118,"column":59},"end":{"line":176,"column":5}}},"5":{"name":"(anonymous_5)","decl":{"start":{"line":121,"column":55},"end":{"line":121,"column":56}},"loc":{"start":{"line":121,"column":80},"end":{"line":131,"column":9}}},"6":{"name":"(anonymous_6)","decl":{"start":{"line":123,"column":41},"end":{"line":123,"column":42}},"loc":{"start":{"line":123,"column":53},"end":{"line":123,"column":61}}},"7":{"name":"(anonymous_7)","decl":{"start":{"line":134,"column":34},"end":{"line":134,"column":35}},"loc":{"start":{"line":134,"column":51},"end":{"line":175,"column":7}}}},"branchMap":{"0":{"loc":{"start":{"line":106,"column":2},"end":{"line":114,"column":3}},"type":"if","locations":[{"start":{"line":106,"column":2},"end":{"line":114,"column":3}}]},"1":{"loc":{"start":{"line":111,"column":55},"end":{"line":111,"column":65}},"type":"cond-expr","locations":[{"start":{"line":111,"column":58},"end":{"line":111,"column":61}},{"start":{"line":111,"column":55},"end":{"line":111,"column":65}}]},"2":{"loc":{"start":{"line":111,"column":55},"end":{"line":111,"column":61}},"type":"binary-expr","locations":[{"start":{"line":111,"column":55},"end":{"line":111,"column":61}},{"start":{"line":111,"column":55},"end":{"line":111,"column":61}}]},"3":{"loc":{"start":{"line":117,"column":2},"end":{"line":179,"column":3}},"type":"if","locations":[{"start":{"line":117,"column":2},"end":{"line":179,"column":3}}]},"4":{"loc":{"start":{"line":117,"column":6},"end":{"line":117,"column":31}},"type":"binary-expr","locations":[{"start":{"line":117,"column":6},"end":{"line":117,"column":20}},{"start":{"line":117,"column":24},"end":{"line":117,"column":31}}]},"5":{"loc":{"start":{"line":118,"column":36},"end":{"line":118,"column":55}},"type":"default-arg","locations":[{"start":{"line":118,"column":53},"end":{"line":118,"column":55}}]},"6":{"loc":{"start":{"line":120,"column":6},"end":{"line":132,"column":7}},"type":"if","locations":[{"start":{"line":120,"column":6},"end":{"line":132,"column":7}}]},"7":{"loc":{"start":{"line":123,"column":53},"end":{"line":123,"column":61}},"type":"cond-expr","locations":[{"start":{"line":123,"column":54},"end":{"line":123,"column":57}},{"start":{"line":123,"column":53},"end":{"line":123,"column":61}}]},"8":{"loc":{"start":{"line":123,"column":53},"end":{"line":123,"column":57}},"type":"binary-expr","locations":[{"start":{"line":123,"column":53},"end":{"line":123,"column":57}},{"start":{"line":123,"column":53},"end":{"line":123,"column":57}}]},"9":{"loc":{"start":{"line":124,"column":10},"end":{"line":130,"column":11}},"type":"if","locations":[{"start":{"line":124,"column":10},"end":{"line":130,"column":11}}]},"10":{"loc":{"start":{"line":124,"column":14},"end":{"line":124,"column":74}},"type":"binary-expr","locations":[{"start":{"line":124,"column":14},"end":{"line":124,"column":20}},{"start":{"line":124,"column":25},"end":{"line":124,"column":50}},{"start":{"line":124,"column":54},"end":{"line":124,"column":73}}]},"11":{"loc":{"start":{"line":137,"column":8},"end":{"line":147,"column":9}},"type":"if","locations":[{"start":{"line":137,"column":8},"end":{"line":147,"column":9}}]},"12":{"loc":{"start":{"line":137,"column":12},"end":{"line":137,"column":78}},"type":"binary-expr","locations":[{"start":{"line":137,"column":12},"end":{"line":137,"column":30}},{"start":{"line":137,"column":34},"end":{"line":137,"column":49}},{"start":{"line":137,"column":53},"end":{"line":137,"column":78}}]},"13":{"loc":{"start":{"line":139,"column":10},"end":{"line":146,"column":11}},"type":"if","locations":[{"start":{"line":139,"column":10},"end":{"line":146,"column":11}}]},"14":{"loc":{"start":{"line":149,"column":8},"end":{"line":159,"column":9}},"type":"if","locations":[{"start":{"line":149,"column":8},"end":{"line":159,"column":9}}]},"15":{"loc":{"start":{"line":149,"column":12},"end":{"line":149,"column":116}},"type":"binary-expr","locations":[{"start":{"line":149,"column":12},"end":{"line":149,"column":29}},{"start":{"line":149,"column":33},"end":{"line":149,"column":87}},{"start":{"line":149,"column":91},"end":{"line":149,"column":116}}]},"16":{"loc":{"start":{"line":161,"column":8},"end":{"line":170,"column":9}},"type":"if","locations":[{"start":{"line":161,"column":8},"end":{"line":170,"column":9}}]},"17":{"loc":{"start":{"line":161,"column":12},"end":{"line":161,"column":109}},"type":"binary-expr","locations":[{"start":{"line":161,"column":12},"end":{"line":161,"column":30}},{"start":{"line":161,"column":34},"end":{"line":161,"column":80}},{"start":{"line":161,"column":84},"end":{"line":161,"column":109}}]},"18":{"loc":{"start":{"line":163,"column":10},"end":{"line":169,"column":11}},"type":"if","locations":[{"start":{"line":163,"column":10},"end":{"line":169,"column":11}}]},"19":{"loc":{"start":{"line":172,"column":8},"end":{"line":174,"column":9}},"type":"if","locations":[{"start":{"line":172,"column":8},"end":{"line":174,"column":9}}]},"20":{"loc":{"start":{"line":172,"column":12},"end":{"line":172,"column":46}},"type":"binary-expr","locations":[{"start":{"line":172,"column":12},"end":{"line":172,"column":17}},{"start":{"line":172,"column":21},"end":{"line":172,"column":46}}]},"21":{"loc":{"start":{"line":182,"column":10},"end":{"line":182,"column":45}},"type":"cond-expr","locations":[{"start":{"line":182,"column":27},"end":{"line":182,"column":38}},{"start":{"line":182,"column":41},"end":{"line":182,"column":45}}]}},"s":{"0":2,"1":2,"2":2,"3":2,"4":2,"5":2,"6":2,"7":2,"8":2,"9":0,"10":0,"11":0,"12":0,"13":0,"14":0,"15":0,"16":0,"17":0,"18":0,"19":0,"20":0,"21":0,"22":0,"23":0,"24":0,"25":0,"26":0,"27":0,"28":0,"29":0,"30":0,"31":0,"32":0,"33":0,"34":0,"35":0,"36":0,"37":0,"38":0,"39":0,"40":0,"41":0,"42":0,"43":2,"44":2,"45":2,"46":2,"47":2,"48":2,"49":2,"50":2,"51":2},"f":{"0":0,"1":0,"2":0,"3":0,"4":0,"5":0,"6":0,"7":0},"b":{"0":[0],"1":[0,0],"2":[0,0],"3":[0],"4":[0,0],"5":[0],"6":[0],"7":[0,0],"8":[0,0],"9":[0],"10":[0,0,0],"11":[0],"12":[0,0,0],"13":[0],"14":[0],"15":[0,0,0],"16":[0],"17":[0,0,0],"18":[0],"19":[0],"20":[0,0],"21":[0,0]}}
,"/Users/filipmellqvist/CursorProjects/techrec/utils/apiLogger.ts": {"path":"/Users/filipmellqvist/CursorProjects/techrec/utils/apiLogger.ts","statementMap":{"0":{"start":{"line":7,"column":0},"end":{"line":7,"column":null}},"1":{"start":{"line":8,"column":2},"end":{"line":8,"column":null}},"2":{"start":{"line":9,"column":2},"end":{"line":9,"column":null}},"3":{"start":{"line":10,"column":2},"end":{"line":10,"column":null}},"4":{"start":{"line":11,"column":2},"end":{"line":11,"column":null}},"5":{"start":{"line":12,"column":2},"end":{"line":12,"column":null}},"6":{"start":{"line":16,"column":0},"end":{"line":16,"column":null}},"7":{"start":{"line":17,"column":2},"end":{"line":17,"column":null}},"8":{"start":{"line":18,"column":2},"end":{"line":18,"column":null}},"9":{"start":{"line":19,"column":2},"end":{"line":19,"column":null}},"10":{"start":{"line":20,"column":2},"end":{"line":20,"column":null}},"11":{"start":{"line":21,"column":2},"end":{"line":21,"column":null}},"12":{"start":{"line":65,"column":37},"end":{"line":73,"column":2}},"13":{"start":{"line":80,"column":10},"end":{"line":80,"column":40}},"14":{"start":{"line":81,"column":10},"end":{"line":81,"column":51}},"15":{"start":{"line":85,"column":4},"end":{"line":85,"column":51}},"16":{"start":{"line":86,"column":4},"end":{"line":86,"column":27}},"17":{"start":{"line":90,"column":4},"end":{"line":92,"column":5}},"18":{"start":{"line":91,"column":6},"end":{"line":91,"column":43}},"19":{"start":{"line":93,"column":4},"end":{"line":93,"column":30}},"20":{"start":{"line":100,"column":4},"end":{"line":100,"column":78}},"21":{"start":{"line":107,"column":4},"end":{"line":107,"column":43}},"22":{"start":{"line":107,"column":30},"end":{"line":107,"column":43}},"23":{"start":{"line":109,"column":19},"end":{"line":109,"column":97}},"24":{"start":{"line":110,"column":25},"end":{"line":110,"column":61}},"25":{"start":{"line":111,"column":21},"end":{"line":111,"column":42}},"26":{"start":{"line":113,"column":4},"end":{"line":113,"column":36}},"27":{"start":{"line":126,"column":31},"end":{"line":134,"column":6}},"28":{"start":{"line":137,"column":4},"end":{"line":144,"column":5}},"29":{"start":{"line":138,"column":20},"end":{"line":138,"column":31}},"30":{"start":{"line":139,"column":6},"end":{"line":143,"column":8}},"31":{"start":{"line":146,"column":4},"end":{"line":146,"column":17}},"32":{"start":{"line":159,"column":4},"end":{"line":159,"column":42}},"33":{"start":{"line":159,"column":32},"end":{"line":159,"column":42}},"34":{"start":{"line":161,"column":18},"end":{"line":161,"column":83}},"35":{"start":{"line":164,"column":4},"end":{"line":164,"column":31}},"36":{"start":{"line":167,"column":4},"end":{"line":169,"column":5}},"37":{"start":{"line":168,"column":6},"end":{"line":168,"column":31}},"38":{"start":{"line":172,"column":4},"end":{"line":174,"column":5}},"39":{"start":{"line":173,"column":6},"end":{"line":173,"column":19}},"40":{"start":{"line":176,"column":4},"end":{"line":176,"column":27}},"41":{"start":{"line":183,"column":22},"end":{"line":183,"column":61}},"42":{"start":{"line":184,"column":19},"end":{"line":184,"column":90}},"43":{"start":{"line":186,"column":20},"end":{"line":186,"column":48}},"44":{"start":{"line":188,"column":4},"end":{"line":202,"column":5}},"45":{"start":{"line":190,"column":8},"end":{"line":190,"column":47}},"46":{"start":{"line":191,"column":8},"end":{"line":191,"column":14}},"47":{"start":{"line":193,"column":8},"end":{"line":193,"column":46}},"48":{"start":{"line":194,"column":8},"end":{"line":194,"column":14}},"49":{"start":{"line":196,"column":8},"end":{"line":196,"column":46}},"50":{"start":{"line":197,"column":8},"end":{"line":197,"column":14}},"51":{"start":{"line":200,"column":8},"end":{"line":200,"column":60}},"52":{"start":{"line":201,"column":8},"end":{"line":201,"column":14}},"53":{"start":{"line":209,"column":4},"end":{"line":211,"column":5}},"54":{"start":{"line":210,"column":6},"end":{"line":210,"column":37}},"55":{"start":{"line":213,"column":4},"end":{"line":215,"column":34}},"56":{"start":{"line":214,"column":6},"end":{"line":214,"column":19}},"57":{"start":{"line":222,"column":4},"end":{"line":222,"column":73}},"58":{"start":{"line":222,"column":66},"end":{"line":222,"column":73}},"59":{"start":{"line":224,"column":24},"end":{"line":224,"column":43}},"60":{"start":{"line":225,"column":4},"end":{"line":225,"column":24}},"61":{"start":{"line":227,"column":4},"end":{"line":250,"column":5}},"62":{"start":{"line":229,"column":6},"end":{"line":243,"column":7}},"63":{"start":{"line":230,"column":8},"end":{"line":242,"column":9}},"64":{"start":{"line":231,"column":31},"end":{"line":231,"column":58}},"65":{"start":{"line":232,"column":27},"end":{"line":232,"column":51}},"66":{"start":{"line":233,"column":10},"end":{"line":233,"column":54}},"67":{"start":{"line":235,"column":10},"end":{"line":237,"column":11}},"68":{"start":{"line":236,"column":12},"end":{"line":236,"column":91}},"69":{"start":{"line":239,"column":10},"end":{"line":241,"column":11}},"70":{"start":{"line":240,"column":12},"end":{"line":240,"column":83}},"71":{"start":{"line":245,"column":6},"end":{"line":247,"column":7}},"72":{"start":{"line":246,"column":8},"end":{"line":246,"column":75}},"73":{"start":{"line":249,"column":6},"end":{"line":249,"column":45}},"74":{"start":{"line":257,"column":4},"end":{"line":323,"column":null}},"75":{"start":{"line":273,"column":22},"end":{"line":273,"column":32}},"76":{"start":{"line":274,"column":22},"end":{"line":274,"column":46}},"77":{"start":{"line":277,"column":4},"end":{"line":281,"column":7}},"78":{"start":{"line":283,"column":4},"end":{"line":322,"column":5}},"79":{"start":{"line":284,"column":21},"end":{"line":284,"column":36}},"80":{"start":{"line":285,"column":23},"end":{"line":285,"column":45}},"81":{"start":{"line":288,"column":6},"end":{"line":292,"column":9}},"82":{"start":{"line":294,"column":6},"end":{"line":299,"column":8}},"83":{"start":{"line":302,"column":23},"end":{"line":302,"column":45}},"84":{"start":{"line":303,"column":23},"end":{"line":303,"column":37}},"85":{"start":{"line":306,"column":6},"end":{"line":314,"column":9}},"86":{"start":{"line":316,"column":6},"end":{"line":321,"column":8}},"87":{"start":{"line":329,"column":4},"end":{"line":329,"column":40}},"88":{"start":{"line":336,"column":4},"end":{"line":338,"column":21}},"89":{"start":{"line":337,"column":23},"end":{"line":337,"column":48}},"90":{"start":{"line":345,"column":4},"end":{"line":347,"column":21}},"91":{"start":{"line":346,"column":23},"end":{"line":346,"column":87}},"92":{"start":{"line":354,"column":4},"end":{"line":354,"column":24}},"93":{"start":{"line":355,"column":4},"end":{"line":357,"column":5}},"94":{"start":{"line":356,"column":6},"end":{"line":356,"column":53}},"95":{"start":{"line":364,"column":4},"end":{"line":364,"column":48}},"96":{"start":{"line":365,"column":4},"end":{"line":365,"column":27}},"97":{"start":{"line":372,"column":4},"end":{"line":375,"column":5}},"98":{"start":{"line":373,"column":6},"end":{"line":373,"column":37}},"99":{"start":{"line":374,"column":6},"end":{"line":374,"column":29}},"100":{"start":{"line":376,"column":4},"end":{"line":376,"column":17}},"101":{"start":{"line":78,"column":0},"end":{"line":78,"column":13}},"102":{"start":{"line":381,"column":13},"end":{"line":381,"column":49}},"103":{"start":{"line":384,"column":28},"end":{"line":386,"column":1}},"104":{"start":{"line":385,"column":2},"end":{"line":385,"column":79}},"105":{"start":{"line":384,"column":13},"end":{"line":384,"column":28}},"106":{"start":{"line":388,"column":28},"end":{"line":390,"column":1}},"107":{"start":{"line":389,"column":2},"end":{"line":389,"column":79}},"108":{"start":{"line":388,"column":13},"end":{"line":388,"column":28}},"109":{"start":{"line":392,"column":27},"end":{"line":394,"column":1}},"110":{"start":{"line":393,"column":2},"end":{"line":393,"column":78}},"111":{"start":{"line":392,"column":13},"end":{"line":392,"column":27}},"112":{"start":{"line":396,"column":30},"end":{"line":398,"column":1}},"113":{"start":{"line":397,"column":2},"end":{"line":397,"column":81}},"114":{"start":{"line":396,"column":13},"end":{"line":396,"column":30}},"115":{"start":{"line":401,"column":31},"end":{"line":407,"column":1}},"116":{"start":{"line":406,"column":2},"end":{"line":406,"column":80}},"117":{"start":{"line":401,"column":13},"end":{"line":401,"column":31}},"118":{"start":{"line":409,"column":31},"end":{"line":415,"column":1}},"119":{"start":{"line":414,"column":2},"end":{"line":414,"column":80}},"120":{"start":{"line":409,"column":13},"end":{"line":409,"column":31}},"121":{"start":{"line":418,"column":34},"end":{"line":434,"column":1}},"122":{"start":{"line":419,"column":21},"end":{"line":419,"column":49}},"123":{"start":{"line":420,"column":20},"end":{"line":420,"column":46}},"124":{"start":{"line":422,"column":2},"end":{"line":433,"column":4}},"125":{"start":{"line":428,"column":39},"end":{"line":428,"column":72}},"126":{"start":{"line":429,"column":39},"end":{"line":429,"column":72}},"127":{"start":{"line":430,"column":38},"end":{"line":430,"column":70}},"128":{"start":{"line":431,"column":41},"end":{"line":431,"column":76}},"129":{"start":{"line":418,"column":13},"end":{"line":418,"column":34}}},"fnMap":{"0":{"name":"(anonymous_16)","decl":{"start":{"line":7,"column":0},"end":{"line":7,"column":12}},"loc":{"start":{"line":7,"column":20},"end":{"line":13,"column":1}}},"1":{"name":"(anonymous_17)","decl":{"start":{"line":16,"column":0},"end":{"line":16,"column":12}},"loc":{"start":{"line":16,"column":22},"end":{"line":22,"column":1}}},"2":{"name":"(anonymous_18)","decl":{"start":{"line":84,"column":2},"end":{"line":84,"column":14}},"loc":{"start":{"line":84,"column":48},"end":{"line":87,"column":3}}},"3":{"name":"(anonymous_19)","decl":{"start":{"line":89,"column":2},"end":{"line":89,"column":8}},"loc":{"start":{"line":89,"column":20},"end":{"line":94,"column":3}}},"4":{"name":"(anonymous_20)","decl":{"start":{"line":99,"column":10},"end":{"line":99,"column":27}},"loc":{"start":{"line":99,"column":27},"end":{"line":101,"column":3}}},"5":{"name":"(anonymous_21)","decl":{"start":{"line":106,"column":10},"end":{"line":106,"column":19}},"loc":{"start":{"line":106,"column":35},"end":{"line":114,"column":3}}},"6":{"name":"(anonymous_22)","decl":{"start":{"line":119,"column":10},"end":{"line":119,"column":24}},"loc":{"start":{"line":124,"column":34},"end":{"line":147,"column":3}}},"7":{"name":"(anonymous_23)","decl":{"start":{"line":152,"column":2},"end":{"line":152,"column":5}},"loc":{"start":{"line":157,"column":34},"end":{"line":177,"column":3}}},"8":{"name":"(anonymous_24)","decl":{"start":{"line":182,"column":10},"end":{"line":182,"column":22}},"loc":{"start":{"line":182,"column":41},"end":{"line":203,"column":3}}},"9":{"name":"(anonymous_25)","decl":{"start":{"line":208,"column":10},"end":{"line":208,"column":25}},"loc":{"start":{"line":208,"column":25},"end":{"line":216,"column":3}}},"10":{"name":"(anonymous_26)","decl":{"start":{"line":213,"column":34},"end":{"line":213,"column":37}},"loc":{"start":{"line":213,"column":39},"end":{"line":215,"column":5}}},"11":{"name":"(anonymous_27)","decl":{"start":{"line":221,"column":8},"end":{"line":221,"column":13}},"loc":{"start":{"line":221,"column":13},"end":{"line":251,"column":null}}},"12":{"name":"(anonymous_29)","decl":{"start":{"line":231,"column":31},"end":{"line":231,"column":44}},"loc":{"start":{"line":231,"column":31},"end":{"line":231,"column":58}}},"13":{"name":"(anonymous_30)","decl":{"start":{"line":256,"column":8},"end":{"line":256,"column":20}},"loc":{"start":{"line":256,"column":20},"end":{"line":323,"column":null}}},"14":{"name":"(anonymous_31)","decl":{"start":{"line":257,"column":4},"end":{"line":257,"column":23}},"loc":{"start":{"line":265,"column":10},"end":{"line":323,"column":3}}},"15":{"name":"(anonymous_32)","decl":{"start":{"line":328,"column":2},"end":{"line":328,"column":15}},"loc":{"start":{"line":328,"column":34},"end":{"line":330,"column":3}}},"16":{"name":"(anonymous_33)","decl":{"start":{"line":335,"column":2},"end":{"line":335,"column":18}},"loc":{"start":{"line":335,"column":58},"end":{"line":339,"column":3}}},"17":{"name":"(anonymous_34)","decl":{"start":{"line":337,"column":14},"end":{"line":337,"column":19}},"loc":{"start":{"line":337,"column":23},"end":{"line":337,"column":48}}},"18":{"name":"(anonymous_35)","decl":{"start":{"line":344,"column":2},"end":{"line":344,"column":14}},"loc":{"start":{"line":344,"column":33},"end":{"line":348,"column":3}}},"19":{"name":"(anonymous_36)","decl":{"start":{"line":346,"column":14},"end":{"line":346,"column":19}},"loc":{"start":{"line":346,"column":23},"end":{"line":346,"column":87}}},"20":{"name":"(anonymous_37)","decl":{"start":{"line":353,"column":2},"end":{"line":353,"column":11}},"loc":{"start":{"line":353,"column":11},"end":{"line":358,"column":3}}},"21":{"name":"(anonymous_38)","decl":{"start":{"line":363,"column":2},"end":{"line":363,"column":14}},"loc":{"start":{"line":363,"column":44},"end":{"line":366,"column":3}}},"22":{"name":"(anonymous_39)","decl":{"start":{"line":371,"column":2},"end":{"line":371,"column":9}},"loc":{"start":{"line":371,"column":9},"end":{"line":377,"column":3}}},"23":{"name":"(anonymous_40)","decl":{"start":{"line":384,"column":28},"end":{"line":384,"column":29}},"loc":{"start":{"line":384,"column":116},"end":{"line":386,"column":1}}},"24":{"name":"(anonymous_41)","decl":{"start":{"line":388,"column":28},"end":{"line":388,"column":29}},"loc":{"start":{"line":388,"column":116},"end":{"line":390,"column":1}}},"25":{"name":"(anonymous_42)","decl":{"start":{"line":392,"column":27},"end":{"line":392,"column":28}},"loc":{"start":{"line":392,"column":115},"end":{"line":394,"column":1}}},"26":{"name":"(anonymous_43)","decl":{"start":{"line":396,"column":30},"end":{"line":396,"column":31}},"loc":{"start":{"line":396,"column":118},"end":{"line":398,"column":1}}},"27":{"name":"(anonymous_44)","decl":{"start":{"line":401,"column":31},"end":{"line":401,"column":null}},"loc":{"start":{"line":405,"column":4},"end":{"line":407,"column":1}}},"28":{"name":"(anonymous_45)","decl":{"start":{"line":409,"column":31},"end":{"line":409,"column":null}},"loc":{"start":{"line":413,"column":4},"end":{"line":415,"column":1}}},"29":{"name":"(anonymous_46)","decl":{"start":{"line":418,"column":34},"end":{"line":418,"column":37}},"loc":{"start":{"line":418,"column":39},"end":{"line":434,"column":1}}},"30":{"name":"(anonymous_47)","decl":{"start":{"line":428,"column":32},"end":{"line":428,"column":35}},"loc":{"start":{"line":428,"column":39},"end":{"line":428,"column":72}}},"31":{"name":"(anonymous_48)","decl":{"start":{"line":429,"column":32},"end":{"line":429,"column":35}},"loc":{"start":{"line":429,"column":39},"end":{"line":429,"column":72}}},"32":{"name":"(anonymous_49)","decl":{"start":{"line":430,"column":31},"end":{"line":430,"column":34}},"loc":{"start":{"line":430,"column":38},"end":{"line":430,"column":70}}},"33":{"name":"(anonymous_50)","decl":{"start":{"line":431,"column":34},"end":{"line":431,"column":37}},"loc":{"start":{"line":431,"column":41},"end":{"line":431,"column":76}}}},"branchMap":{"0":{"loc":{"start":{"line":7,"column":12},"end":{"line":7,"column":null}},"type":"binary-expr","locations":[{"start":{"line":7,"column":12},"end":{"line":7,"column":20}},{"start":{"line":7,"column":20},"end":{"line":7,"column":null}}]},"1":{"loc":{"start":{"line":16,"column":12},"end":{"line":16,"column":null}},"type":"binary-expr","locations":[{"start":{"line":16,"column":12},"end":{"line":16,"column":22}},{"start":{"line":16,"column":22},"end":{"line":16,"column":null}}]},"2":{"loc":{"start":{"line":66,"column":11},"end":{"line":66,"column":92}},"type":"binary-expr","locations":[{"start":{"line":66,"column":11},"end":{"line":66,"column":49}},{"start":{"line":66,"column":53},"end":{"line":66,"column":92}}]},"3":{"loc":{"start":{"line":84,"column":14},"end":{"line":84,"column":48}},"type":"default-arg","locations":[{"start":{"line":84,"column":46},"end":{"line":84,"column":48}}]},"4":{"loc":{"start":{"line":90,"column":4},"end":{"line":92,"column":5}},"type":"if","locations":[{"start":{"line":90,"column":4},"end":{"line":92,"column":5}}]},"5":{"loc":{"start":{"line":107,"column":4},"end":{"line":107,"column":43}},"type":"if","locations":[{"start":{"line":107,"column":4},"end":{"line":107,"column":43}}]},"6":{"loc":{"start":{"line":137,"column":4},"end":{"line":144,"column":5}},"type":"if","locations":[{"start":{"line":137,"column":4},"end":{"line":144,"column":5}}]},"7":{"loc":{"start":{"line":137,"column":8},"end":{"line":137,"column":95}},"type":"binary-expr","locations":[{"start":{"line":137,"column":8},"end":{"line":137,"column":37}},{"start":{"line":137,"column":42},"end":{"line":137,"column":66}},{"start":{"line":137,"column":70},"end":{"line":137,"column":94}}]},"8":{"loc":{"start":{"line":159,"column":4},"end":{"line":159,"column":42}},"type":"if","locations":[{"start":{"line":159,"column":4},"end":{"line":159,"column":42}}]},"9":{"loc":{"start":{"line":167,"column":4},"end":{"line":169,"column":5}},"type":"if","locations":[{"start":{"line":167,"column":4},"end":{"line":169,"column":5}}]},"10":{"loc":{"start":{"line":172,"column":4},"end":{"line":174,"column":5}},"type":"if","locations":[{"start":{"line":172,"column":4},"end":{"line":174,"column":5}}]},"11":{"loc":{"start":{"line":188,"column":4},"end":{"line":202,"column":5}},"type":"switch","locations":[{"start":{"line":189,"column":6},"end":{"line":191,"column":14}},{"start":{"line":192,"column":6},"end":{"line":194,"column":14}},{"start":{"line":195,"column":6},"end":{"line":197,"column":14}},{"start":{"line":198,"column":6},"end":{"line":198,"column":26}},{"start":{"line":199,"column":6},"end":{"line":201,"column":14}}]},"12":{"loc":{"start":{"line":209,"column":4},"end":{"line":211,"column":5}},"type":"if","locations":[{"start":{"line":209,"column":4},"end":{"line":211,"column":5}}]},"13":{"loc":{"start":{"line":222,"column":4},"end":{"line":222,"column":73}},"type":"if","locations":[{"start":{"line":222,"column":4},"end":{"line":222,"column":73}}]},"14":{"loc":{"start":{"line":222,"column":8},"end":{"line":222,"column":64}},"type":"binary-expr","locations":[{"start":{"line":222,"column":8},"end":{"line":222,"column":35}},{"start":{"line":222,"column":39},"end":{"line":222,"column":64}}]},"15":{"loc":{"start":{"line":229,"column":6},"end":{"line":243,"column":7}},"type":"if","locations":[{"start":{"line":229,"column":6},"end":{"line":243,"column":7}}]},"16":{"loc":{"start":{"line":235,"column":10},"end":{"line":237,"column":11}},"type":"if","locations":[{"start":{"line":235,"column":10},"end":{"line":237,"column":11}}]},"17":{"loc":{"start":{"line":239,"column":10},"end":{"line":241,"column":11}},"type":"if","locations":[{"start":{"line":239,"column":10},"end":{"line":241,"column":11}}]},"18":{"loc":{"start":{"line":245,"column":6},"end":{"line":247,"column":7}},"type":"if","locations":[{"start":{"line":245,"column":6},"end":{"line":247,"column":7}}]},"19":{"loc":{"start":{"line":260,"column":4},"end":{"line":265,"column":10}},"type":"default-arg","locations":[{"start":{"line":265,"column":8},"end":{"line":265,"column":10}}]},"20":{"loc":{"start":{"line":279,"column":19},"end":{"line":279,"column":75}},"type":"cond-expr","locations":[{"start":{"line":279,"column":44},"end":{"line":279,"column":63}},{"start":{"line":279,"column":66},"end":{"line":279,"column":75}}]},"21":{"loc":{"start":{"line":291,"column":22},"end":{"line":291,"column":66}},"type":"cond-expr","locations":[{"start":{"line":291,"column":48},"end":{"line":291,"column":54}},{"start":{"line":291,"column":57},"end":{"line":291,"column":66}}]},"22":{"loc":{"start":{"line":312,"column":17},"end":{"line":312,"column":75}},"type":"cond-expr","locations":[{"start":{"line":312,"column":49},"end":{"line":312,"column":63}},{"start":{"line":312,"column":66},"end":{"line":312,"column":75}}]},"23":{"loc":{"start":{"line":328,"column":16},"end":{"line":328,"column":34}},"type":"default-arg","locations":[{"start":{"line":328,"column":32},"end":{"line":328,"column":34}}]},"24":{"loc":{"start":{"line":335,"column":40},"end":{"line":335,"column":58}},"type":"default-arg","locations":[{"start":{"line":335,"column":56},"end":{"line":335,"column":58}}]},"25":{"loc":{"start":{"line":344,"column":15},"end":{"line":344,"column":33}},"type":"default-arg","locations":[{"start":{"line":344,"column":31},"end":{"line":344,"column":33}}]},"26":{"loc":{"start":{"line":346,"column":23},"end":{"line":346,"column":87}},"type":"binary-expr","locations":[{"start":{"line":346,"column":23},"end":{"line":346,"column":53}},{"start":{"line":346,"column":57},"end":{"line":346,"column":87}}]},"27":{"loc":{"start":{"line":355,"column":4},"end":{"line":357,"column":5}},"type":"if","locations":[{"start":{"line":355,"column":4},"end":{"line":357,"column":5}}]},"28":{"loc":{"start":{"line":372,"column":4},"end":{"line":375,"column":5}},"type":"if","locations":[{"start":{"line":372,"column":4},"end":{"line":375,"column":5}}]},"29":{"loc":{"start":{"line":426,"column":17},"end":{"line":426,"column":91}},"type":"cond-expr","locations":[{"start":{"line":426,"column":41},"end":{"line":426,"column":84}},{"start":{"line":426,"column":87},"end":{"line":426,"column":91}}]}},"s":{"0":1,"1":1,"2":1,"3":1,"4":1,"5":1,"6":1,"7":1,"8":1,"9":1,"10":1,"11":1,"12":1,"13":1,"14":1,"15":1,"16":1,"17":1,"18":1,"19":1,"20":0,"21":0,"22":0,"23":0,"24":0,"25":0,"26":0,"27":0,"28":0,"29":0,"30":0,"31":0,"32":0,"33":0,"34":0,"35":0,"36":0,"37":0,"38":0,"39":0,"40":0,"41":0,"42":0,"43":0,"44":0,"45":0,"46":0,"47":0,"48":0,"49":0,"50":0,"51":0,"52":0,"53":1,"54":0,"55":1,"56":0,"57":0,"58":0,"59":0,"60":0,"61":0,"62":0,"63":0,"64":0,"65":0,"66":0,"67":0,"68":0,"69":0,"70":0,"71":0,"72":0,"73":0,"74":0,"75":0,"76":0,"77":0,"78":0,"79":0,"80":0,"81":0,"82":0,"83":0,"84":0,"85":0,"86":0,"87":0,"88":0,"89":0,"90":0,"91":0,"92":0,"93":0,"94":0,"95":0,"96":0,"97":0,"98":0,"99":0,"100":0,"101":1,"102":1,"103":1,"104":0,"105":1,"106":1,"107":0,"108":1,"109":1,"110":0,"111":1,"112":1,"113":0,"114":1,"115":1,"116":0,"117":1,"118":1,"119":0,"120":1,"121":1,"122":0,"123":0,"124":0,"125":0,"126":0,"127":0,"128":0,"129":1},"f":{"0":1,"1":1,"2":1,"3":1,"4":0,"5":0,"6":0,"7":0,"8":0,"9":1,"10":0,"11":0,"12":0,"13":0,"14":0,"15":0,"16":0,"17":0,"18":0,"19":0,"20":0,"21":0,"22":0,"23":0,"24":0,"25":0,"26":0,"27":0,"28":0,"29":0,"30":0,"31":0,"32":0,"33":0},"b":{"0":[1,1],"1":[1,1],"2":[1,1],"3":[1],"4":[1],"5":[0],"6":[0],"7":[0,0,0],"8":[0],"9":[0],"10":[0],"11":[0,0,0,0,0],"12":[0],"13":[0],"14":[0,0],"15":[0],"16":[0],"17":[0],"18":[0],"19":[0],"20":[0,0],"21":[0,0],"22":[0,0],"23":[0],"24":[0],"25":[0],"26":[0,0],"27":[0],"28":[0],"29":[0,0]}}
,"/Users/filipmellqvist/CursorProjects/techrec/utils/backgroundProfileSync.ts": {"path":"/Users/filipmellqvist/CursorProjects/techrec/utils/backgroundProfileSync.ts","statementMap":{"0":{"start":{"line":40,"column":0},"end":{"line":40,"column":16}},"1":{"start":{"line":65,"column":0},"end":{"line":65,"column":16}},"2":{"start":{"line":88,"column":0},"end":{"line":88,"column":16}},"3":{"start":{"line":126,"column":0},"end":{"line":126,"column":16}},"4":{"start":{"line":155,"column":0},"end":{"line":155,"column":16}},"5":{"start":{"line":414,"column":0},"end":{"line":414,"column":22}},"6":{"start":{"line":489,"column":0},"end":{"line":489,"column":22}},"7":{"start":{"line":9,"column":0},"end":{"line":9,"column":46}},"8":{"start":{"line":13,"column":15},"end":{"line":13,"column":33}},"9":{"start":{"line":16,"column":27},"end":{"line":16,"column":68}},"10":{"start":{"line":17,"column":29},"end":{"line":17,"column":72}},"11":{"start":{"line":18,"column":29},"end":{"line":18,"column":82}},"12":{"start":{"line":19,"column":19},"end":{"line":19,"column":35}},"13":{"start":{"line":25,"column":2},"end":{"line":27,"column":3}},"14":{"start":{"line":26,"column":4},"end":{"line":26,"column":87}},"15":{"start":{"line":34,"column":2},"end":{"line":34,"column":58}},"16":{"start":{"line":41,"column":2},"end":{"line":41,"column":55}},"17":{"start":{"line":43,"column":2},"end":{"line":46,"column":3}},"18":{"start":{"line":44,"column":4},"end":{"line":44,"column":45}},"19":{"start":{"line":45,"column":4},"end":{"line":45,"column":16}},"20":{"start":{"line":48,"column":22},"end":{"line":56,"column":4}},"21":{"start":{"line":58,"column":2},"end":{"line":58,"column":52}},"22":{"start":{"line":59,"column":2},"end":{"line":59,"column":21}},"23":{"start":{"line":66,"column":2},"end":{"line":66,"column":44}},"24":{"start":{"line":68,"column":2},"end":{"line":71,"column":3}},"25":{"start":{"line":69,"column":4},"end":{"line":69,"column":57}},"26":{"start":{"line":70,"column":4},"end":{"line":70,"column":14}},"27":{"start":{"line":73,"column":22},"end":{"line":79,"column":7}},"28":{"start":{"line":74,"column":21},"end":{"line":74,"column":59}},"29":{"start":{"line":75,"column":19},"end":{"line":79,"column":6}},"30":{"start":{"line":81,"column":2},"end":{"line":81,"column":68}},"31":{"start":{"line":82,"column":2},"end":{"line":82,"column":21}},"32":{"start":{"line":89,"column":2},"end":{"line":89,"column":52}},"33":{"start":{"line":91,"column":2},"end":{"line":94,"column":3}},"34":{"start":{"line":92,"column":4},"end":{"line":92,"column":61}},"35":{"start":{"line":93,"column":4},"end":{"line":93,"column":14}},"36":{"start":{"line":96,"column":22},"end":{"line":117,"column":6}},"37":{"start":{"line":97,"column":19},"end":{"line":97,"column":43}},"38":{"start":{"line":102,"column":22},"end":{"line":102,"column":69}},"39":{"start":{"line":104,"column":6},"end":{"line":116,"column":8}},"40":{"start":{"line":119,"column":2},"end":{"line":119,"column":80}},"41":{"start":{"line":120,"column":2},"end":{"line":120,"column":21}},"42":{"start":{"line":127,"column":2},"end":{"line":127,"column":50}},"43":{"start":{"line":129,"column":2},"end":{"line":132,"column":3}},"44":{"start":{"line":130,"column":4},"end":{"line":130,"column":60}},"45":{"start":{"line":131,"column":4},"end":{"line":131,"column":14}},"46":{"start":{"line":134,"column":22},"end":{"line":146,"column":7}},"47":{"start":{"line":135,"column":19},"end":{"line":135,"column":34}},"48":{"start":{"line":136,"column":17},"end":{"line":146,"column":6}},"49":{"start":{"line":148,"column":2},"end":{"line":148,"column":79}},"50":{"start":{"line":149,"column":2},"end":{"line":149,"column":21}},"51":{"start":{"line":156,"column":2},"end":{"line":156,"column":56}},"52":{"start":{"line":158,"column":2},"end":{"line":161,"column":3}},"53":{"start":{"line":159,"column":4},"end":{"line":159,"column":63}},"54":{"start":{"line":160,"column":4},"end":{"line":160,"column":14}},"55":{"start":{"line":163,"column":22},"end":{"line":171,"column":7}},"56":{"start":{"line":164,"column":19},"end":{"line":164,"column":47}},"57":{"start":{"line":165,"column":17},"end":{"line":171,"column":6}},"58":{"start":{"line":173,"column":2},"end":{"line":173,"column":74}},"59":{"start":{"line":174,"column":2},"end":{"line":174,"column":21}},"60":{"start":{"line":181,"column":2},"end":{"line":187,"column":5}},"61":{"start":{"line":190,"column":40},"end":{"line":201,"column":4}},"62":{"start":{"line":203,"column":2},"end":{"line":210,"column":5}},"63":{"start":{"line":212,"column":2},"end":{"line":212,"column":17}},"64":{"start":{"line":219,"column":2},"end":{"line":219,"column":70}},"65":{"start":{"line":221,"column":2},"end":{"line":252,"column":3}},"66":{"start":{"line":222,"column":20},"end":{"line":240,"column":6}},"67":{"start":{"line":242,"column":4},"end":{"line":246,"column":7}},"68":{"start":{"line":248,"column":4},"end":{"line":248,"column":19}},"69":{"start":{"line":250,"column":4},"end":{"line":250,"column":56}},"70":{"start":{"line":251,"column":4},"end":{"line":251,"column":16}},"71":{"start":{"line":259,"column":2},"end":{"line":259,"column":87}},"72":{"start":{"line":261,"column":2},"end":{"line":297,"column":3}},"73":{"start":{"line":263,"column":20},"end":{"line":263,"column":71}},"74":{"start":{"line":264,"column":19},"end":{"line":264,"column":56}},"75":{"start":{"line":266,"column":4},"end":{"line":270,"column":7}},"76":{"start":{"line":273,"column":21},"end":{"line":280,"column":6}},"77":{"start":{"line":282,"column":4},"end":{"line":282,"column":82}},"78":{"start":{"line":284,"column":4},"end":{"line":288,"column":5}},"79":{"start":{"line":285,"column":24},"end":{"line":285,"column":45}},"80":{"start":{"line":286,"column":6},"end":{"line":286,"column":80}},"81":{"start":{"line":287,"column":6},"end":{"line":287,"column":19}},"82":{"start":{"line":290,"column":19},"end":{"line":290,"column":40}},"83":{"start":{"line":291,"column":4},"end":{"line":291,"column":75}},"84":{"start":{"line":292,"column":4},"end":{"line":292,"column":16}},"85":{"start":{"line":295,"column":4},"end":{"line":295,"column":59}},"86":{"start":{"line":296,"column":4},"end":{"line":296,"column":17}},"87":{"start":{"line":304,"column":2},"end":{"line":304,"column":75}},"88":{"start":{"line":306,"column":2},"end":{"line":404,"column":3}},"89":{"start":{"line":308,"column":27},"end":{"line":396,"column":6}},"90":{"start":{"line":339,"column":70},"end":{"line":361,"column":12}},"91":{"start":{"line":341,"column":29},"end":{"line":345,"column":14}},"92":{"start":{"line":347,"column":12},"end":{"line":360,"column":14}},"93":{"start":{"line":367,"column":30},"end":{"line":367,"column":82}},"94":{"start":{"line":368,"column":28},"end":{"line":370,"column":20}},"95":{"start":{"line":373,"column":12},"end":{"line":376,"column":null}},"96":{"start":{"line":382,"column":48},"end":{"line":385,"column":null}},"97":{"start":{"line":390,"column":51},"end":{"line":392,"column":null}},"98":{"start":{"line":398,"column":4},"end":{"line":398,"column":90}},"99":{"start":{"line":399,"column":4},"end":{"line":399,"column":16}},"100":{"start":{"line":402,"column":4},"end":{"line":402,"column":52}},"101":{"start":{"line":403,"column":4},"end":{"line":403,"column":17}},"102":{"start":{"line":415,"column":20},"end":{"line":415,"column":30}},"103":{"start":{"line":416,"column":2},"end":{"line":416,"column":77}},"104":{"start":{"line":419,"column":2},"end":{"line":422,"column":3}},"105":{"start":{"line":420,"column":4},"end":{"line":420,"column":87}},"106":{"start":{"line":421,"column":4},"end":{"line":421,"column":11}},"107":{"start":{"line":424,"column":2},"end":{"line":439,"column":3}},"108":{"start":{"line":426,"column":4},"end":{"line":431,"column":7}},"109":{"start":{"line":429,"column":8},"end":{"line":429,"column":89}},"110":{"start":{"line":429,"column":25},"end":{"line":429,"column":66}},"111":{"start":{"line":433,"column":21},"end":{"line":433,"column":43}},"112":{"start":{"line":434,"column":4},"end":{"line":438,"column":5}},"113":{"start":{"line":435,"column":6},"end":{"line":435,"column":108}},"114":{"start":{"line":437,"column":6},"end":{"line":437,"column":92}},"115":{"start":{"line":447,"column":4},"end":{"line":450,"column":5}},"116":{"start":{"line":448,"column":6},"end":{"line":448,"column":64}},"117":{"start":{"line":449,"column":6},"end":{"line":449,"column":13}},"118":{"start":{"line":452,"column":4},"end":{"line":455,"column":5}},"119":{"start":{"line":453,"column":6},"end":{"line":453,"column":66}},"120":{"start":{"line":454,"column":6},"end":{"line":454,"column":13}},"121":{"start":{"line":457,"column":4},"end":{"line":462,"column":7}},"122":{"start":{"line":465,"column":28},"end":{"line":465,"column":65}},"123":{"start":{"line":468,"column":27},"end":{"line":468,"column":82}},"124":{"start":{"line":471,"column":20},"end":{"line":471,"column":76}},"125":{"start":{"line":473,"column":21},"end":{"line":473,"column":43}},"126":{"start":{"line":475,"column":4},"end":{"line":479,"column":5}},"127":{"start":{"line":476,"column":6},"end":{"line":476,"column":82}},"128":{"start":{"line":478,"column":6},"end":{"line":478,"column":69}},"129":{"start":{"line":490,"column":2},"end":{"line":490,"column":92}},"130":{"start":{"line":492,"column":2},"end":{"line":529,"column":3}},"131":{"start":{"line":494,"column":27},"end":{"line":500,"column":6}},"132":{"start":{"line":502,"column":4},"end":{"line":505,"column":5}},"133":{"start":{"line":503,"column":6},"end":{"line":503,"column":63}},"134":{"start":{"line":504,"column":6},"end":{"line":504,"column":13}},"135":{"start":{"line":508,"column":4},"end":{"line":514,"column":5}},"136":{"start":{"line":509,"column":6},"end":{"line":512,"column":9}},"137":{"start":{"line":513,"column":6},"end":{"line":513,"column":13}},"138":{"start":{"line":517,"column":25},"end":{"line":517,"column":77}},"139":{"start":{"line":519,"column":4},"end":{"line":522,"column":5}},"140":{"start":{"line":520,"column":6},"end":{"line":520,"column":64}},"141":{"start":{"line":521,"column":6},"end":{"line":521,"column":13}},"142":{"start":{"line":525,"column":4},"end":{"line":525,"column":57}},"143":{"start":{"line":528,"column":4},"end":{"line":528,"column":63}},"144":{"start":{"line":532,"column":0},"end":{"line":535,"column":2}}},"fnMap":{"0":{"name":"debugLog","decl":{"start":{"line":24,"column":9},"end":{"line":24,"column":17}},"loc":{"start":{"line":24,"column":45},"end":{"line":28,"column":1}}},"1":{"name":"errorLog","decl":{"start":{"line":33,"column":9},"end":{"line":33,"column":17}},"loc":{"start":{"line":33,"column":46},"end":{"line":35,"column":1}}},"2":{"name":"transformContactInfo","decl":{"start":{"line":40,"column":16},"end":{"line":40,"column":36}},"loc":{"start":{"line":40,"column":86},"end":{"line":60,"column":1}}},"3":{"name":"transformSkills","decl":{"start":{"line":65,"column":16},"end":{"line":65,"column":31}},"loc":{"start":{"line":65,"column":68},"end":{"line":83,"column":1}}},"4":{"name":"(anonymous_11)","decl":{"start":{"line":74,"column":12},"end":{"line":74,"column":17}},"loc":{"start":{"line":74,"column":21},"end":{"line":74,"column":59}}},"5":{"name":"(anonymous_12)","decl":{"start":{"line":75,"column":9},"end":{"line":75,"column":14}},"loc":{"start":{"line":75,"column":19},"end":{"line":79,"column":6}}},"6":{"name":"transformExperience","decl":{"start":{"line":88,"column":16},"end":{"line":88,"column":35}},"loc":{"start":{"line":88,"column":85},"end":{"line":121,"column":1}}},"7":{"name":"(anonymous_14)","decl":{"start":{"line":97,"column":12},"end":{"line":97,"column":15}},"loc":{"start":{"line":97,"column":19},"end":{"line":97,"column":43}}},"8":{"name":"(anonymous_15)","decl":{"start":{"line":98,"column":9},"end":{"line":98,"column":12}},"loc":{"start":{"line":98,"column":15},"end":{"line":117,"column":5}}},"9":{"name":"transformEducation","decl":{"start":{"line":126,"column":16},"end":{"line":126,"column":34}},"loc":{"start":{"line":126,"column":82},"end":{"line":150,"column":1}}},"10":{"name":"(anonymous_17)","decl":{"start":{"line":135,"column":12},"end":{"line":135,"column":15}},"loc":{"start":{"line":135,"column":19},"end":{"line":135,"column":34}}},"11":{"name":"(anonymous_18)","decl":{"start":{"line":136,"column":9},"end":{"line":136,"column":12}},"loc":{"start":{"line":136,"column":17},"end":{"line":146,"column":6}}},"12":{"name":"transformAchievements","decl":{"start":{"line":155,"column":16},"end":{"line":155,"column":37}},"loc":{"start":{"line":155,"column":90},"end":{"line":175,"column":1}}},"13":{"name":"(anonymous_20)","decl":{"start":{"line":164,"column":12},"end":{"line":164,"column":15}},"loc":{"start":{"line":164,"column":19},"end":{"line":164,"column":47}}},"14":{"name":"(anonymous_21)","decl":{"start":{"line":165,"column":9},"end":{"line":165,"column":12}},"loc":{"start":{"line":165,"column":17},"end":{"line":171,"column":6}}},"15":{"name":"transformCvToProfileData","decl":{"start":{"line":180,"column":9},"end":{"line":180,"column":33}},"loc":{"start":{"line":180,"column":88},"end":{"line":213,"column":1}}},"16":{"name":"getExistingProfile","decl":{"start":{"line":218,"column":15},"end":{"line":218,"column":33}},"loc":{"start":{"line":218,"column":53},"end":{"line":253,"column":null}}},"17":{"name":"callProfileUpdateAPI","decl":{"start":{"line":258,"column":15},"end":{"line":258,"column":35}},"loc":{"start":{"line":258,"column":86},"end":{"line":298,"column":null}}},"18":{"name":"updateProfileDirectly","decl":{"start":{"line":303,"column":15},"end":{"line":303,"column":36}},"loc":{"start":{"line":303,"column":87},"end":{"line":405,"column":null}}},"19":{"name":"(anonymous_29)","decl":{"start":{"line":339,"column":56},"end":{"line":339,"column":62}},"loc":{"start":{"line":339,"column":70},"end":{"line":361,"column":12}}},"20":{"name":"(anonymous_30)","decl":{"start":{"line":339,"column":70},"end":{"line":339,"column":null}},"loc":{"start":{"line":339,"column":70},"end":{"line":361,"column":11}}},"21":{"name":"(anonymous_31)","decl":{"start":{"line":365,"column":42},"end":{"line":365,"column":45}},"loc":{"start":{"line":365,"column":48},"end":{"line":378,"column":11}}},"22":{"name":"(anonymous_32)","decl":{"start":{"line":382,"column":41},"end":{"line":382,"column":44}},"loc":{"start":{"line":382,"column":48},"end":{"line":385,"column":null}}},"23":{"name":"(anonymous_33)","decl":{"start":{"line":390,"column":44},"end":{"line":390,"column":47}},"loc":{"start":{"line":390,"column":51},"end":{"line":392,"column":null}}},"24":{"name":"syncCvDataToProfile","decl":{"start":{"line":414,"column":22},"end":{"line":414,"column":41}},"loc":{"start":{"line":414,"column":96},"end":{"line":440,"column":null}}},"25":{"name":"(anonymous_36)","decl":{"start":{"line":428,"column":18},"end":{"line":428,"column":19}},"loc":{"start":{"line":429,"column":8},"end":{"line":429,"column":89}}},"26":{"name":"(anonymous_37)","decl":{"start":{"line":429,"column":19},"end":{"line":429,"column":22}},"loc":{"start":{"line":429,"column":25},"end":{"line":429,"column":66}}},"27":{"name":"performSync","decl":{"start":{"line":445,"column":15},"end":{"line":445,"column":26}},"loc":{"start":{"line":445,"column":100},"end":{"line":480,"column":null}}},"28":{"name":"syncCvDataFromAnalysisId","decl":{"start":{"line":489,"column":22},"end":{"line":489,"column":46}},"loc":{"start":{"line":489,"column":86},"end":{"line":530,"column":null}}}},"branchMap":{"0":{"loc":{"start":{"line":18,"column":38},"end":{"line":18,"column":81}},"type":"binary-expr","locations":[{"start":{"line":18,"column":38},"end":{"line":18,"column":70}},{"start":{"line":18,"column":74},"end":{"line":18,"column":81}}]},"1":{"loc":{"start":{"line":25,"column":2},"end":{"line":27,"column":3}},"type":"if","locations":[{"start":{"line":25,"column":2},"end":{"line":27,"column":3}}]},"2":{"loc":{"start":{"line":26,"column":44},"end":{"line":26,"column":85}},"type":"cond-expr","locations":[{"start":{"line":26,"column":51},"end":{"line":26,"column":80}},{"start":{"line":26,"column":83},"end":{"line":26,"column":85}}]},"3":{"loc":{"start":{"line":43,"column":2},"end":{"line":46,"column":3}},"type":"if","locations":[{"start":{"line":43,"column":2},"end":{"line":46,"column":3}}]},"4":{"loc":{"start":{"line":49,"column":11},"end":{"line":49,"column":38}},"type":"binary-expr","locations":[{"start":{"line":49,"column":11},"end":{"line":49,"column":30}},{"start":{"line":49,"column":34},"end":{"line":49,"column":38}}]},"5":{"loc":{"start":{"line":50,"column":13},"end":{"line":50,"column":43}},"type":"binary-expr","locations":[{"start":{"line":50,"column":13},"end":{"line":50,"column":35}},{"start":{"line":50,"column":39},"end":{"line":50,"column":43}}]},"6":{"loc":{"start":{"line":53,"column":14},"end":{"line":53,"column":44}},"type":"binary-expr","locations":[{"start":{"line":53,"column":14},"end":{"line":53,"column":36}},{"start":{"line":53,"column":40},"end":{"line":53,"column":44}}]},"7":{"loc":{"start":{"line":54,"column":12},"end":{"line":54,"column":40}},"type":"binary-expr","locations":[{"start":{"line":54,"column":12},"end":{"line":54,"column":32}},{"start":{"line":54,"column":36},"end":{"line":54,"column":40}}]},"8":{"loc":{"start":{"line":55,"column":13},"end":{"line":55,"column":42}},"type":"binary-expr","locations":[{"start":{"line":55,"column":13},"end":{"line":55,"column":34}},{"start":{"line":55,"column":38},"end":{"line":55,"column":42}}]},"9":{"loc":{"start":{"line":68,"column":2},"end":{"line":71,"column":3}},"type":"if","locations":[{"start":{"line":68,"column":2},"end":{"line":71,"column":3}}]},"10":{"loc":{"start":{"line":68,"column":6},"end":{"line":68,"column":43}},"type":"binary-expr","locations":[{"start":{"line":68,"column":6},"end":{"line":68,"column":15}},{"start":{"line":68,"column":19},"end":{"line":68,"column":43}}]},"11":{"loc":{"start":{"line":74,"column":21},"end":{"line":74,"column":59}},"type":"binary-expr","locations":[{"start":{"line":74,"column":21},"end":{"line":74,"column":31}},{"start":{"line":74,"column":35},"end":{"line":74,"column":59}}]},"12":{"loc":{"start":{"line":77,"column":16},"end":{"line":77,"column":43}},"type":"binary-expr","locations":[{"start":{"line":77,"column":16},"end":{"line":77,"column":30}},{"start":{"line":77,"column":34},"end":{"line":77,"column":43}}]},"13":{"loc":{"start":{"line":78,"column":13},"end":{"line":78,"column":42}},"type":"binary-expr","locations":[{"start":{"line":78,"column":13},"end":{"line":78,"column":24}},{"start":{"line":78,"column":28},"end":{"line":78,"column":42}}]},"14":{"loc":{"start":{"line":91,"column":2},"end":{"line":94,"column":3}},"type":"if","locations":[{"start":{"line":91,"column":2},"end":{"line":94,"column":3}}]},"15":{"loc":{"start":{"line":91,"column":6},"end":{"line":91,"column":51}},"type":"binary-expr","locations":[{"start":{"line":91,"column":6},"end":{"line":91,"column":19}},{"start":{"line":91,"column":23},"end":{"line":91,"column":51}}]},"16":{"loc":{"start":{"line":97,"column":19},"end":{"line":97,"column":43}},"type":"binary-expr","locations":[{"start":{"line":97,"column":19},"end":{"line":97,"column":28}},{"start":{"line":97,"column":32},"end":{"line":97,"column":43}}]},"17":{"loc":{"start":{"line":102,"column":22},"end":{"line":102,"column":69}},"type":"cond-expr","locations":[{"start":{"line":102,"column":50},"end":{"line":102,"column":61}},{"start":{"line":102,"column":64},"end":{"line":102,"column":69}}]},"18":{"loc":{"start":{"line":107,"column":21},"end":{"line":107,"column":42}},"type":"binary-expr","locations":[{"start":{"line":107,"column":21},"end":{"line":107,"column":36}},{"start":{"line":107,"column":40},"end":{"line":107,"column":42}}]},"19":{"loc":{"start":{"line":108,"column":18},"end":{"line":108,"column":38}},"type":"binary-expr","locations":[{"start":{"line":108,"column":18},"end":{"line":108,"column":30}},{"start":{"line":108,"column":34},"end":{"line":108,"column":38}}]},"20":{"loc":{"start":{"line":109,"column":19},"end":{"line":109,"column":60}},"type":"binary-expr","locations":[{"start":{"line":109,"column":19},"end":{"line":109,"column":32}},{"start":{"line":109,"column":36},"end":{"line":109,"column":60}}]},"21":{"loc":{"start":{"line":110,"column":17},"end":{"line":110,"column":45}},"type":"cond-expr","locations":[{"start":{"line":110,"column":27},"end":{"line":110,"column":31}},{"start":{"line":110,"column":34},"end":{"line":110,"column":45}}]},"22":{"loc":{"start":{"line":112,"column":26},"end":{"line":112,"column":52}},"type":"binary-expr","locations":[{"start":{"line":112,"column":26},"end":{"line":112,"column":46}},{"start":{"line":112,"column":50},"end":{"line":112,"column":52}}]},"23":{"loc":{"start":{"line":113,"column":22},"end":{"line":113,"column":44}},"type":"binary-expr","locations":[{"start":{"line":113,"column":22},"end":{"line":113,"column":38}},{"start":{"line":113,"column":42},"end":{"line":113,"column":44}}]},"24":{"loc":{"start":{"line":114,"column":18},"end":{"line":114,"column":38}},"type":"binary-expr","locations":[{"start":{"line":114,"column":18},"end":{"line":114,"column":30}},{"start":{"line":114,"column":34},"end":{"line":114,"column":38}}]},"25":{"loc":{"start":{"line":115,"column":19},"end":{"line":115,"column":38}},"type":"binary-expr","locations":[{"start":{"line":115,"column":19},"end":{"line":115,"column":32}},{"start":{"line":115,"column":36},"end":{"line":115,"column":38}}]},"26":{"loc":{"start":{"line":129,"column":2},"end":{"line":132,"column":3}},"type":"if","locations":[{"start":{"line":129,"column":2},"end":{"line":132,"column":3}}]},"27":{"loc":{"start":{"line":129,"column":6},"end":{"line":129,"column":49}},"type":"binary-expr","locations":[{"start":{"line":129,"column":6},"end":{"line":129,"column":18}},{"start":{"line":129,"column":22},"end":{"line":129,"column":49}}]},"28":{"loc":{"start":{"line":137,"column":14},"end":{"line":137,"column":32}},"type":"binary-expr","locations":[{"start":{"line":137,"column":14},"end":{"line":137,"column":24}},{"start":{"line":137,"column":28},"end":{"line":137,"column":32}}]},"29":{"loc":{"start":{"line":139,"column":12},"end":{"line":139,"column":59}},"type":"binary-expr","locations":[{"start":{"line":139,"column":12},"end":{"line":139,"column":20}},{"start":{"line":139,"column":24},"end":{"line":139,"column":59}}]},"30":{"loc":{"start":{"line":140,"column":16},"end":{"line":140,"column":36}},"type":"binary-expr","locations":[{"start":{"line":140,"column":16},"end":{"line":140,"column":28}},{"start":{"line":140,"column":32},"end":{"line":140,"column":36}}]},"31":{"loc":{"start":{"line":141,"column":17},"end":{"line":141,"column":58}},"type":"binary-expr","locations":[{"start":{"line":141,"column":17},"end":{"line":141,"column":30}},{"start":{"line":141,"column":34},"end":{"line":141,"column":58}}]},"32":{"loc":{"start":{"line":142,"column":15},"end":{"line":142,"column":34}},"type":"binary-expr","locations":[{"start":{"line":142,"column":15},"end":{"line":142,"column":26}},{"start":{"line":142,"column":30},"end":{"line":142,"column":34}}]},"33":{"loc":{"start":{"line":158,"column":2},"end":{"line":161,"column":3}},"type":"if","locations":[{"start":{"line":158,"column":2},"end":{"line":161,"column":3}}]},"34":{"loc":{"start":{"line":158,"column":6},"end":{"line":158,"column":55}},"type":"binary-expr","locations":[{"start":{"line":158,"column":6},"end":{"line":158,"column":21}},{"start":{"line":158,"column":25},"end":{"line":158,"column":55}}]},"35":{"loc":{"start":{"line":164,"column":19},"end":{"line":164,"column":47}},"type":"binary-expr","locations":[{"start":{"line":164,"column":19},"end":{"line":164,"column":28}},{"start":{"line":164,"column":32},"end":{"line":164,"column":47}}]},"36":{"loc":{"start":{"line":168,"column":12},"end":{"line":168,"column":48}},"type":"binary-expr","locations":[{"start":{"line":168,"column":12},"end":{"line":168,"column":20}},{"start":{"line":168,"column":24},"end":{"line":168,"column":48}}]},"37":{"loc":{"start":{"line":169,"column":11},"end":{"line":169,"column":26}},"type":"binary-expr","locations":[{"start":{"line":169,"column":11},"end":{"line":169,"column":18}},{"start":{"line":169,"column":22},"end":{"line":169,"column":26}}]},"38":{"loc":{"start":{"line":170,"column":14},"end":{"line":170,"column":32}},"type":"binary-expr","locations":[{"start":{"line":170,"column":14},"end":{"line":170,"column":24}},{"start":{"line":170,"column":28},"end":{"line":170,"column":32}}]},"39":{"loc":{"start":{"line":183,"column":17},"end":{"line":183,"column":47}},"type":"binary-expr","locations":[{"start":{"line":183,"column":17},"end":{"line":183,"column":42}},{"start":{"line":183,"column":46},"end":{"line":183,"column":47}}]},"40":{"loc":{"start":{"line":183,"column":17},"end":{"line":183,"column":42}},"type":"cond-expr","locations":[{"start":{"line":183,"column":34},"end":{"line":183,"column":36}},{"start":{"line":183,"column":34},"end":{"line":183,"column":42}}]},"41":{"loc":{"start":{"line":183,"column":17},"end":{"line":183,"column":36}},"type":"binary-expr","locations":[{"start":{"line":183,"column":17},"end":{"line":183,"column":36}},{"start":{"line":183,"column":34},"end":{"line":183,"column":36}}]},"42":{"loc":{"start":{"line":184,"column":21},"end":{"line":184,"column":55}},"type":"binary-expr","locations":[{"start":{"line":184,"column":21},"end":{"line":184,"column":50}},{"start":{"line":184,"column":54},"end":{"line":184,"column":55}}]},"43":{"loc":{"start":{"line":184,"column":21},"end":{"line":184,"column":50}},"type":"cond-expr","locations":[{"start":{"line":184,"column":42},"end":{"line":184,"column":44}},{"start":{"line":184,"column":42},"end":{"line":184,"column":50}}]},"44":{"loc":{"start":{"line":184,"column":21},"end":{"line":184,"column":44}},"type":"binary-expr","locations":[{"start":{"line":184,"column":21},"end":{"line":184,"column":44}},{"start":{"line":184,"column":42},"end":{"line":184,"column":44}}]},"45":{"loc":{"start":{"line":185,"column":20},"end":{"line":185,"column":53}},"type":"binary-expr","locations":[{"start":{"line":185,"column":20},"end":{"line":185,"column":48}},{"start":{"line":185,"column":52},"end":{"line":185,"column":53}}]},"46":{"loc":{"start":{"line":185,"column":20},"end":{"line":185,"column":48}},"type":"cond-expr","locations":[{"start":{"line":185,"column":40},"end":{"line":185,"column":42}},{"start":{"line":185,"column":40},"end":{"line":185,"column":48}}]},"47":{"loc":{"start":{"line":185,"column":20},"end":{"line":185,"column":42}},"type":"binary-expr","locations":[{"start":{"line":185,"column":20},"end":{"line":185,"column":42}},{"start":{"line":185,"column":40},"end":{"line":185,"column":42}}]},"48":{"loc":{"start":{"line":186,"column":23},"end":{"line":186,"column":59}},"type":"binary-expr","locations":[{"start":{"line":186,"column":23},"end":{"line":186,"column":54}},{"start":{"line":186,"column":58},"end":{"line":186,"column":59}}]},"49":{"loc":{"start":{"line":186,"column":23},"end":{"line":186,"column":54}},"type":"cond-expr","locations":[{"start":{"line":186,"column":46},"end":{"line":186,"column":48}},{"start":{"line":186,"column":46},"end":{"line":186,"column":54}}]},"50":{"loc":{"start":{"line":186,"column":23},"end":{"line":186,"column":48}},"type":"binary-expr","locations":[{"start":{"line":186,"column":23},"end":{"line":186,"column":48}},{"start":{"line":186,"column":46},"end":{"line":186,"column":48}}]},"51":{"loc":{"start":{"line":191,"column":10},"end":{"line":191,"column":76}},"type":"binary-expr","locations":[{"start":{"line":191,"column":10},"end":{"line":191,"column":38}},{"start":{"line":191,"column":42},"end":{"line":191,"column":63}},{"start":{"line":191,"column":67},"end":{"line":191,"column":76}}]},"52":{"loc":{"start":{"line":191,"column":10},"end":{"line":191,"column":38}},"type":"cond-expr","locations":[{"start":{"line":191,"column":32},"end":{"line":191,"column":34}},{"start":{"line":191,"column":32},"end":{"line":191,"column":38}}]},"53":{"loc":{"start":{"line":191,"column":10},"end":{"line":191,"column":34}},"type":"binary-expr","locations":[{"start":{"line":191,"column":10},"end":{"line":191,"column":34}},{"start":{"line":191,"column":32},"end":{"line":191,"column":34}}]},"54":{"loc":{"start":{"line":191,"column":42},"end":{"line":191,"column":63}},"type":"cond-expr","locations":[{"start":{"line":191,"column":57},"end":{"line":191,"column":59}},{"start":{"line":191,"column":42},"end":{"line":191,"column":63}}]},"55":{"loc":{"start":{"line":191,"column":42},"end":{"line":191,"column":59}},"type":"binary-expr","locations":[{"start":{"line":191,"column":42},"end":{"line":191,"column":59}},{"start":{"line":191,"column":42},"end":{"line":191,"column":59}}]},"56":{"loc":{"start":{"line":192,"column":11},"end":{"line":192,"column":48}},"type":"binary-expr","locations":[{"start":{"line":192,"column":11},"end":{"line":192,"column":33}},{"start":{"line":192,"column":37},"end":{"line":192,"column":48}}]},"57":{"loc":{"start":{"line":192,"column":11},"end":{"line":192,"column":33}},"type":"cond-expr","locations":[{"start":{"line":192,"column":26},"end":{"line":192,"column":28}},{"start":{"line":192,"column":11},"end":{"line":192,"column":33}}]},"58":{"loc":{"start":{"line":192,"column":11},"end":{"line":192,"column":28}},"type":"binary-expr","locations":[{"start":{"line":192,"column":11},"end":{"line":192,"column":28}},{"start":{"line":192,"column":11},"end":{"line":192,"column":28}}]},"59":{"loc":{"start":{"line":193,"column":18},"end":{"line":193,"column":88}},"type":"binary-expr","locations":[{"start":{"line":193,"column":18},"end":{"line":193,"column":47}},{"start":{"line":193,"column":51},"end":{"line":193,"column":80}},{"start":{"line":193,"column":84},"end":{"line":193,"column":88}}]},"60":{"loc":{"start":{"line":193,"column":18},"end":{"line":193,"column":47}},"type":"cond-expr","locations":[{"start":{"line":193,"column":40},"end":{"line":193,"column":42}},{"start":{"line":193,"column":40},"end":{"line":193,"column":47}}]},"61":{"loc":{"start":{"line":193,"column":18},"end":{"line":193,"column":42}},"type":"binary-expr","locations":[{"start":{"line":193,"column":18},"end":{"line":193,"column":42}},{"start":{"line":193,"column":40},"end":{"line":193,"column":42}}]},"62":{"loc":{"start":{"line":193,"column":51},"end":{"line":193,"column":80}},"type":"cond-expr","locations":[{"start":{"line":193,"column":66},"end":{"line":193,"column":68}},{"start":{"line":193,"column":51},"end":{"line":193,"column":80}}]},"63":{"loc":{"start":{"line":193,"column":51},"end":{"line":193,"column":68}},"type":"binary-expr","locations":[{"start":{"line":193,"column":51},"end":{"line":193,"column":68}},{"start":{"line":193,"column":51},"end":{"line":193,"column":68}}]},"64":{"loc":{"start":{"line":194,"column":11},"end":{"line":194,"column":61}},"type":"binary-expr","locations":[{"start":{"line":194,"column":11},"end":{"line":194,"column":27}},{"start":{"line":194,"column":31},"end":{"line":194,"column":53}},{"start":{"line":194,"column":57},"end":{"line":194,"column":61}}]},"65":{"loc":{"start":{"line":194,"column":31},"end":{"line":194,"column":53}},"type":"cond-expr","locations":[{"start":{"line":194,"column":46},"end":{"line":194,"column":48}},{"start":{"line":194,"column":31},"end":{"line":194,"column":53}}]},"66":{"loc":{"start":{"line":194,"column":31},"end":{"line":194,"column":48}},"type":"binary-expr","locations":[{"start":{"line":194,"column":31},"end":{"line":194,"column":48}},{"start":{"line":194,"column":31},"end":{"line":194,"column":48}}]},"67":{"loc":{"start":{"line":200,"column":17},"end":{"line":200,"column":51}},"type":"binary-expr","locations":[{"start":{"line":200,"column":17},"end":{"line":200,"column":45}},{"start":{"line":200,"column":49},"end":{"line":200,"column":51}}]},"68":{"loc":{"start":{"line":200,"column":17},"end":{"line":200,"column":45}},"type":"cond-expr","locations":[{"start":{"line":200,"column":32},"end":{"line":200,"column":34}},{"start":{"line":200,"column":17},"end":{"line":200,"column":45}}]},"69":{"loc":{"start":{"line":200,"column":17},"end":{"line":200,"column":34}},"type":"binary-expr","locations":[{"start":{"line":200,"column":17},"end":{"line":200,"column":34}},{"start":{"line":200,"column":17},"end":{"line":200,"column":34}}]},"70":{"loc":{"start":{"line":206,"column":17},"end":{"line":206,"column":44}},"type":"binary-expr","locations":[{"start":{"line":206,"column":17},"end":{"line":206,"column":39}},{"start":{"line":206,"column":43},"end":{"line":206,"column":44}}]},"71":{"loc":{"start":{"line":206,"column":17},"end":{"line":206,"column":39}},"type":"cond-expr","locations":[{"start":{"line":206,"column":31},"end":{"line":206,"column":33}},{"start":{"line":206,"column":31},"end":{"line":206,"column":39}}]},"72":{"loc":{"start":{"line":206,"column":17},"end":{"line":206,"column":33}},"type":"binary-expr","locations":[{"start":{"line":206,"column":17},"end":{"line":206,"column":33}},{"start":{"line":206,"column":31},"end":{"line":206,"column":33}}]},"73":{"loc":{"start":{"line":207,"column":21},"end":{"line":207,"column":52}},"type":"binary-expr","locations":[{"start":{"line":207,"column":21},"end":{"line":207,"column":47}},{"start":{"line":207,"column":51},"end":{"line":207,"column":52}}]},"74":{"loc":{"start":{"line":207,"column":21},"end":{"line":207,"column":47}},"type":"cond-expr","locations":[{"start":{"line":207,"column":39},"end":{"line":207,"column":41}},{"start":{"line":207,"column":39},"end":{"line":207,"column":47}}]},"75":{"loc":{"start":{"line":207,"column":21},"end":{"line":207,"column":41}},"type":"binary-expr","locations":[{"start":{"line":207,"column":21},"end":{"line":207,"column":41}},{"start":{"line":207,"column":39},"end":{"line":207,"column":41}}]},"76":{"loc":{"start":{"line":208,"column":20},"end":{"line":208,"column":50}},"type":"binary-expr","locations":[{"start":{"line":208,"column":20},"end":{"line":208,"column":45}},{"start":{"line":208,"column":49},"end":{"line":208,"column":50}}]},"77":{"loc":{"start":{"line":208,"column":20},"end":{"line":208,"column":45}},"type":"cond-expr","locations":[{"start":{"line":208,"column":37},"end":{"line":208,"column":39}},{"start":{"line":208,"column":37},"end":{"line":208,"column":45}}]},"78":{"loc":{"start":{"line":208,"column":20},"end":{"line":208,"column":39}},"type":"binary-expr","locations":[{"start":{"line":208,"column":20},"end":{"line":208,"column":39}},{"start":{"line":208,"column":37},"end":{"line":208,"column":39}}]},"79":{"loc":{"start":{"line":209,"column":23},"end":{"line":209,"column":56}},"type":"binary-expr","locations":[{"start":{"line":209,"column":23},"end":{"line":209,"column":51}},{"start":{"line":209,"column":55},"end":{"line":209,"column":56}}]},"80":{"loc":{"start":{"line":209,"column":23},"end":{"line":209,"column":51}},"type":"cond-expr","locations":[{"start":{"line":209,"column":43},"end":{"line":209,"column":45}},{"start":{"line":209,"column":43},"end":{"line":209,"column":51}}]},"81":{"loc":{"start":{"line":209,"column":23},"end":{"line":209,"column":45}},"type":"binary-expr","locations":[{"start":{"line":209,"column":23},"end":{"line":209,"column":45}},{"start":{"line":209,"column":43},"end":{"line":209,"column":45}}]},"82":{"loc":{"start":{"line":244,"column":24},"end":{"line":244,"column":44}},"type":"cond-expr","locations":[{"start":{"line":244,"column":31},"end":{"line":244,"column":33}},{"start":{"line":244,"column":24},"end":{"line":244,"column":44}}]},"83":{"loc":{"start":{"line":244,"column":24},"end":{"line":244,"column":33}},"type":"binary-expr","locations":[{"start":{"line":244,"column":24},"end":{"line":244,"column":33}},{"start":{"line":244,"column":24},"end":{"line":244,"column":33}}]},"84":{"loc":{"start":{"line":245,"column":19},"end":{"line":245,"column":56}},"type":"binary-expr","locations":[{"start":{"line":245,"column":19},"end":{"line":245,"column":51}},{"start":{"line":245,"column":55},"end":{"line":245,"column":56}}]},"85":{"loc":{"start":{"line":245,"column":19},"end":{"line":245,"column":51}},"type":"cond-expr","locations":[{"start":{"line":245,"column":43},"end":{"line":245,"column":45}},{"start":{"line":245,"column":43},"end":{"line":245,"column":51}}]},"86":{"loc":{"start":{"line":245,"column":19},"end":{"line":245,"column":45}},"type":"binary-expr","locations":[{"start":{"line":245,"column":19},"end":{"line":245,"column":45}},{"start":{"line":245,"column":43},"end":{"line":245,"column":45}}]},"87":{"loc":{"start":{"line":245,"column":19},"end":{"line":245,"column":43}},"type":"cond-expr","locations":[{"start":{"line":245,"column":26},"end":{"line":245,"column":28}},{"start":{"line":245,"column":19},"end":{"line":245,"column":43}}]},"88":{"loc":{"start":{"line":245,"column":19},"end":{"line":245,"column":28}},"type":"binary-expr","locations":[{"start":{"line":245,"column":19},"end":{"line":245,"column":28}},{"start":{"line":245,"column":19},"end":{"line":245,"column":28}}]},"89":{"loc":{"start":{"line":263,"column":20},"end":{"line":263,"column":71}},"type":"binary-expr","locations":[{"start":{"line":263,"column":20},"end":{"line":263,"column":44}},{"start":{"line":263,"column":48},"end":{"line":263,"column":71}}]},"90":{"loc":{"start":{"line":284,"column":4},"end":{"line":288,"column":5}},"type":"if","locations":[{"start":{"line":284,"column":4},"end":{"line":288,"column":5}}]},"91":{"loc":{"start":{"line":315,"column":21},"end":{"line":336,"column":21}},"type":"cond-expr","locations":[{"start":{"line":315,"column":43},"end":{"line":336,"column":10}},{"start":{"line":336,"column":12},"end":{"line":336,"column":21}}]},"92":{"loc":{"start":{"line":339,"column":36},"end":{"line":361,"column":18}},"type":"binary-expr","locations":[{"start":{"line":339,"column":36},"end":{"line":361,"column":12}},{"start":{"line":361,"column":16},"end":{"line":361,"column":18}}]},"93":{"loc":{"start":{"line":339,"column":36},"end":{"line":361,"column":12}},"type":"cond-expr","locations":[{"start":{"line":339,"column":50},"end":{"line":339,"column":52}},{"start":{"line":339,"column":50},"end":{"line":361,"column":12}}]},"94":{"loc":{"start":{"line":339,"column":36},"end":{"line":339,"column":52}},"type":"binary-expr","locations":[{"start":{"line":339,"column":36},"end":{"line":339,"column":52}},{"start":{"line":339,"column":50},"end":{"line":339,"column":52}}]},"95":{"loc":{"start":{"line":365,"column":18},"end":{"line":378,"column":18}},"type":"binary-expr","locations":[{"start":{"line":365,"column":18},"end":{"line":378,"column":12}},{"start":{"line":378,"column":16},"end":{"line":378,"column":18}}]},"96":{"loc":{"start":{"line":365,"column":18},"end":{"line":378,"column":12}},"type":"cond-expr","locations":[{"start":{"line":365,"column":36},"end":{"line":365,"column":38}},{"start":{"line":365,"column":36},"end":{"line":378,"column":12}}]},"97":{"loc":{"start":{"line":365,"column":18},"end":{"line":365,"column":38}},"type":"binary-expr","locations":[{"start":{"line":365,"column":18},"end":{"line":365,"column":38}},{"start":{"line":365,"column":36},"end":{"line":365,"column":38}}]},"98":{"loc":{"start":{"line":367,"column":30},"end":{"line":367,"column":82}},"type":"cond-expr","locations":[{"start":{"line":367,"column":46},"end":{"line":367,"column":69}},{"start":{"line":367,"column":72},"end":{"line":367,"column":82}}]},"99":{"loc":{"start":{"line":368,"column":28},"end":{"line":370,"column":20}},"type":"cond-expr","locations":[{"start":{"line":369,"column":16},"end":{"line":369,"column":37}},{"start":{"line":370,"column":16},"end":{"line":370,"column":20}}]},"100":{"loc":{"start":{"line":368,"column":28},"end":{"line":368,"column":97}},"type":"binary-expr","locations":[{"start":{"line":368,"column":28},"end":{"line":368,"column":39}},{"start":{"line":368,"column":43},"end":{"line":368,"column":68}},{"start":{"line":368,"column":72},"end":{"line":368,"column":97}}]},"101":{"loc":{"start":{"line":375,"column":25},"end":{"line":375,"column":76}},"type":"cond-expr","locations":[{"start":{"line":375,"column":54},"end":{"line":375,"column":64}},{"start":{"line":375,"column":67},"end":{"line":375,"column":76}}]},"102":{"loc":{"start":{"line":376,"column":23},"end":{"line":376,"column":75}},"type":"cond-expr","locations":[{"start":{"line":376,"column":61},"end":{"line":376,"column":65}},{"start":{"line":376,"column":68},"end":{"line":376,"column":75}}]},"103":{"loc":{"start":{"line":376,"column":23},"end":{"line":376,"column":58}},"type":"binary-expr","locations":[{"start":{"line":376,"column":23},"end":{"line":376,"column":30}},{"start":{"line":376,"column":34},"end":{"line":376,"column":58}}]},"104":{"loc":{"start":{"line":382,"column":18},"end":{"line":386,"column":19}},"type":"binary-expr","locations":[{"start":{"line":382,"column":18},"end":{"line":386,"column":13}},{"start":{"line":386,"column":17},"end":{"line":386,"column":19}}]},"105":{"loc":{"start":{"line":382,"column":18},"end":{"line":386,"column":13}},"type":"cond-expr","locations":[{"start":{"line":382,"column":35},"end":{"line":382,"column":37}},{"start":{"line":382,"column":35},"end":{"line":386,"column":13}}]},"106":{"loc":{"start":{"line":382,"column":18},"end":{"line":382,"column":37}},"type":"binary-expr","locations":[{"start":{"line":382,"column":18},"end":{"line":382,"column":37}},{"start":{"line":382,"column":35},"end":{"line":382,"column":37}}]},"107":{"loc":{"start":{"line":385,"column":21},"end":{"line":385,"column":63}},"type":"cond-expr","locations":[{"start":{"line":385,"column":35},"end":{"line":385,"column":56}},{"start":{"line":385,"column":59},"end":{"line":385,"column":63}}]},"108":{"loc":{"start":{"line":390,"column":18},"end":{"line":393,"column":19}},"type":"binary-expr","locations":[{"start":{"line":390,"column":18},"end":{"line":393,"column":13}},{"start":{"line":393,"column":17},"end":{"line":393,"column":19}}]},"109":{"loc":{"start":{"line":390,"column":18},"end":{"line":393,"column":13}},"type":"cond-expr","locations":[{"start":{"line":390,"column":38},"end":{"line":390,"column":40}},{"start":{"line":390,"column":38},"end":{"line":393,"column":13}}]},"110":{"loc":{"start":{"line":390,"column":18},"end":{"line":390,"column":40}},"type":"binary-expr","locations":[{"start":{"line":390,"column":18},"end":{"line":390,"column":40}},{"start":{"line":390,"column":38},"end":{"line":390,"column":40}}]},"111":{"loc":{"start":{"line":419,"column":2},"end":{"line":422,"column":3}},"type":"if","locations":[{"start":{"line":419,"column":2},"end":{"line":422,"column":3}}]},"112":{"loc":{"start":{"line":434,"column":4},"end":{"line":438,"column":5}},"type":"if","locations":[{"start":{"line":434,"column":4},"end":{"line":438,"column":5}},{"start":{"line":436,"column":11},"end":{"line":438,"column":5}}]},"113":{"loc":{"start":{"line":434,"column":8},"end":{"line":434,"column":74}},"type":"binary-expr","locations":[{"start":{"line":434,"column":8},"end":{"line":434,"column":30}},{"start":{"line":434,"column":34},"end":{"line":434,"column":74}}]},"114":{"loc":{"start":{"line":447,"column":4},"end":{"line":450,"column":5}},"type":"if","locations":[{"start":{"line":447,"column":4},"end":{"line":450,"column":5}}]},"115":{"loc":{"start":{"line":447,"column":8},"end":{"line":447,"column":55}},"type":"binary-expr","locations":[{"start":{"line":447,"column":8},"end":{"line":447,"column":20}},{"start":{"line":447,"column":24},"end":{"line":447,"column":55}}]},"116":{"loc":{"start":{"line":452,"column":4},"end":{"line":455,"column":5}},"type":"if","locations":[{"start":{"line":452,"column":4},"end":{"line":455,"column":5}}]},"117":{"loc":{"start":{"line":452,"column":8},"end":{"line":452,"column":57}},"type":"binary-expr","locations":[{"start":{"line":452,"column":8},"end":{"line":452,"column":21}},{"start":{"line":452,"column":25},"end":{"line":452,"column":57}}]},"118":{"loc":{"start":{"line":475,"column":4},"end":{"line":479,"column":5}},"type":"if","locations":[{"start":{"line":475,"column":4},"end":{"line":479,"column":5}},{"start":{"line":477,"column":11},"end":{"line":479,"column":5}}]},"119":{"loc":{"start":{"line":502,"column":4},"end":{"line":505,"column":5}},"type":"if","locations":[{"start":{"line":502,"column":4},"end":{"line":505,"column":5}}]},"120":{"loc":{"start":{"line":508,"column":4},"end":{"line":514,"column":5}},"type":"if","locations":[{"start":{"line":508,"column":4},"end":{"line":514,"column":5}}]},"121":{"loc":{"start":{"line":519,"column":4},"end":{"line":522,"column":5}},"type":"if","locations":[{"start":{"line":519,"column":4},"end":{"line":522,"column":5}}]}},"s":{"0":4,"1":4,"2":4,"3":4,"4":4,"5":4,"6":4,"7":4,"8":4,"9":4,"10":4,"11":4,"12":4,"13":155,"14":2,"15":10,"16":9,"17":9,"18":2,"19":2,"20":7,"21":7,"22":7,"23":6,"24":6,"25":0,"26":0,"27":6,"28":6,"29":6,"30":6,"31":6,"32":33,"33":33,"34":4,"35":4,"36":29,"37":29,"38":27,"39":27,"40":29,"41":29,"42":6,"43":6,"44":0,"45":0,"46":6,"47":1,"48":1,"49":6,"50":6,"51":6,"52":6,"53":0,"54":0,"55":6,"56":1,"57":1,"58":6,"59":6,"60":5,"61":5,"62":5,"63":5,"64":5,"65":5,"66":5,"67":5,"68":5,"69":0,"70":0,"71":0,"72":0,"73":0,"74":0,"75":0,"76":0,"77":0,"78":0,"79":0,"80":0,"81":0,"82":0,"83":0,"84":0,"85":0,"86":0,"87":5,"88":5,"89":5,"90":3,"91":3,"92":0,"93":0,"94":0,"95":0,"96":0,"97":0,"98":2,"99":0,"100":5,"101":5,"102":5,"103":5,"104":5,"105":0,"106":0,"107":5,"108":5,"109":5,"110":0,"111":0,"112":0,"113":0,"114":0,"115":5,"116":0,"117":0,"118":5,"119":0,"120":0,"121":5,"122":5,"123":5,"124":5,"125":5,"126":5,"127":0,"128":5,"129":0,"130":0,"131":0,"132":0,"133":0,"134":0,"135":0,"136":0,"137":0,"138":0,"139":0,"140":0,"141":0,"142":0,"143":0,"144":4},"f":{"0":155,"1":10,"2":9,"3":6,"4":6,"5":6,"6":33,"7":29,"8":27,"9":6,"10":1,"11":1,"12":6,"13":1,"14":1,"15":5,"16":5,"17":0,"18":5,"19":3,"20":3,"21":0,"22":0,"23":0,"24":5,"25":5,"26":0,"27":5,"28":0},"b":{"0":[4,4],"1":[2],"2":[2,0],"3":[2],"4":[7,4],"5":[7,4],"6":[7,6],"7":[7,6],"8":[7,6],"9":[0],"10":[6,6],"11":[6,6],"12":[6,1],"13":[6,1],"14":[4],"15":[33,31],"16":[29,28],"17":[12,15],"18":[27,22],"19":[27,23],"20":[27,17],"21":[7,20],"22":[27,20],"23":[27,20],"24":[27,20],"25":[27,12],"26":[0],"27":[6,6],"28":[1,0],"29":[1,0],"30":[1,0],"31":[1,0],"32":[1,0],"33":[0],"34":[6,6],"35":[1,1],"36":[1,0],"37":[1,0],"38":[1,0],"39":[5,2],"40":[0,5],"41":[5,5],"42":[5,4],"43":[0,5],"44":[5,5],"45":[5,5],"46":[0,5],"47":[5,5],"48":[5,5],"49":[0,5],"50":[5,5],"51":[5,1,1],"52":[1,4],"53":[5,5],"54":[1,0],"55":[1,1],"56":[5,5],"57":[5,0],"58":[5,5],"59":[5,1,1],"60":[1,4],"61":[5,5],"62":[1,0],"63":[1,1],"64":[5,5,5],"65":[5,0],"66":
[...]
,"column":5}},"56":{"start":{"line":277,"column":6},"end":{"line":277,"column":36}},"57":{"start":{"line":281,"column":4},"end":{"line":287,"column":5}},"58":{"start":{"line":282,"column":6},"end":{"line":282,"column":46}},"59":{"start":{"line":284,"column":6},"end":{"line":284,"column":74}},"60":{"start":{"line":285,"column":6},"end":{"line":285,"column":95}},"61":{"start":{"line":286,"column":6},"end":{"line":286,"column":136}},"62":{"start":{"line":290,"column":4},"end":{"line":299,"column":5}},"63":{"start":{"line":291,"column":6},"end":{"line":297,"column":9}},"64":{"start":{"line":292,"column":8},"end":{"line":295,"column":9}},"65":{"start":{"line":294,"column":10},"end":{"line":294,"column":61}},"66":{"start":{"line":296,"column":8},"end":{"line":296,"column":21}},"67":{"start":{"line":298,"column":6},"end":{"line":298,"column":83}},"68":{"start":{"line":302,"column":29},"end":{"line":302,"column":76}},"69":{"start":{"line":303,"column":4},"end":{"line":307,"column":5}},"70":{"start":{"line":304,"column":6},"end":{"line":304,"column":101}},"71":{"start":{"line":305,"column":6},"end":{"line":305,"column":91}},"72":{"start":{"line":306,"column":6},"end":{"line":306,"column":136}},"73":{"start":{"line":309,"column":19},"end":{"line":309,"column":40}},"74":{"start":{"line":312,"column":4},"end":{"line":370,"column":5}},"75":{"start":{"line":313,"column":6},"end":{"line":316,"column":9}},"76":{"start":{"line":318,"column":6},"end":{"line":369,"column":7}},"77":{"start":{"line":319,"column":8},"end":{"line":368,"column":9}},"78":{"start":{"line":321,"column":34},"end":{"line":337,"column":13}},"79":{"start":{"line":321,"column":64},"end":{"line":337,"column":12}},"80":{"start":{"line":339,"column":34},"end":{"line":339,"column":75}},"81":{"start":{"line":341,"column":10},"end":{"line":341,"column":56}},"82":{"start":{"line":342,"column":10},"end":{"line":342,"column":58}},"83":{"start":{"line":343,"column":10},"end":{"line":347,"column":12}},"84":{"start":{"line":349,"column":10},"end":{"line":353,"column":13}},"85":{"start":{"line":355,"column":10},"end":{"line":358,"column":13}},"86":{"start":{"line":361,"column":10},"end":{"line":361,"column":42}},"87":{"start":{"line":362,"column":10},"end":{"line":362,"column":42}},"88":{"start":{"line":363,"column":10},"end":{"line":367,"column":12}},"89":{"start":{"line":372,"column":24},"end":{"line":372,"column":49}},"90":{"start":{"line":373,"column":4},"end":{"line":373,"column":100}},"91":{"start":{"line":374,"column":4},"end":{"line":374,"column":184}},"92":{"start":{"line":375,"column":4},"end":{"line":375,"column":145}},"93":{"start":{"line":377,"column":4},"end":{"line":377,"column":18}},"94":{"start":{"line":380,"column":24},"end":{"line":380,"column":49}},"95":{"start":{"line":381,"column":4},"end":{"line":381,"column":97}},"96":{"start":{"line":383,"column":4},"end":{"line":395,"column":5}},"97":{"start":{"line":385,"column":6},"end":{"line":391,"column":7}},"98":{"start":{"line":386,"column":8},"end":{"line":386,"column":126}},"99":{"start":{"line":387,"column":13},"end":{"line":391,"column":7}},"100":{"start":{"line":388,"column":8},"end":{"line":388,"column":97}},"101":{"start":{"line":389,"column":13},"end":{"line":391,"column":7}},"102":{"start":{"line":390,"column":8},"end":{"line":390,"column":114}},"103":{"start":{"line":392,"column":6},"end":{"line":392,"column":18}},"104":{"start":{"line":394,"column":6},"end":{"line":394,"column":80}},"105":{"start":{"line":31,"column":13},"end":{"line":31,"column":35}}},"fnMap":{"0":{"name":"(anonymous_7)","decl":{"start":{"line":14,"column":23},"end":{"line":14,"column":24}},"loc":{"start":{"line":14,"column":51},"end":{"line":17,"column":1}}},"1":{"name":"(anonymous_8)","decl":{"start":{"line":20,"column":27},"end":{"line":20,"column":28}},"loc":{"start":{"line":20,"column":52},"end":{"line":23,"column":1}}},"2":{"name":"(anonymous_9)","decl":{"start":{"line":31,"column":35},"end":{"line":31,"column":42}},"loc":{"start":{"line":31,"column":112},"end":{"line":397,"column":2}}},"3":{"name":"(anonymous_10)","decl":{"start":{"line":31,"column":112},"end":{"line":31,"column":null}},"loc":{"start":{"line":31,"column":112},"end":{"line":397,"column":1}}},"4":{"name":"(anonymous_11)","decl":{"start":{"line":200,"column":6},"end":{"line":200,"column":15}},"loc":{"start":{"line":200,"column":17},"end":{"line":232,"column":null}}},"5":{"name":"(anonymous_12)","decl":{"start":{"line":200,"column":17},"end":{"line":200,"column":null}},"loc":{"start":{"line":200,"column":17},"end":{"line":232,"column":7}}},"6":{"name":"(anonymous_13)","decl":{"start":{"line":203,"column":10},"end":{"line":203,"column":19}},"loc":{"start":{"line":203,"column":21},"end":{"line":226,"column":null}}},"7":{"name":"(anonymous_14)","decl":{"start":{"line":203,"column":21},"end":{"line":203,"column":null}},"loc":{"start":{"line":203,"column":21},"end":{"line":226,"column":11}}},"8":{"name":"(anonymous_15)","decl":{"start":{"line":291,"column":48},"end":{"line":291,"column":49}},"loc":{"start":{"line":291,"column":63},"end":{"line":297,"column":7}}},"9":{"name":"(anonymous_16)","decl":{"start":{"line":321,"column":56},"end":{"line":321,"column":59}},"loc":{"start":{"line":321,"column":64},"end":{"line":337,"column":12}}}},"branchMap":{"0":{"loc":{"start":{"line":9,"column":37},"end":{"line":9,"column":72}},"type":"binary-expr","locations":[{"start":{"line":9,"column":37},"end":{"line":9,"column":66}},{"start":{"line":9,"column":70},"end":{"line":9,"column":72}}]},"1":{"loc":{"start":{"line":11,"column":20},"end":{"line":11,"column":64}},"type":"binary-expr","locations":[{"start":{"line":11,"column":20},"end":{"line":11,"column":44}},{"start":{"line":11,"column":48},"end":{"line":11,"column":64}}]},"2":{"loc":{"start":{"line":37,"column":2},"end":{"line":39,"column":3}},"type":"if","locations":[{"start":{"line":37,"column":2},"end":{"line":39,"column":3}}]},"3":{"loc":{"start":{"line":37,"column":6},"end":{"line":37,"column":43}},"type":"binary-expr","locations":[{"start":{"line":37,"column":6},"end":{"line":37,"column":13}},{"start":{"line":37,"column":17},"end":{"line":37,"column":43}}]},"4":{"loc":{"start":{"line":41,"column":2},"end":{"line":43,"column":3}},"type":"if","locations":[{"start":{"line":41,"column":2},"end":{"line":43,"column":3}}]},"5":{"loc":{"start":{"line":235,"column":4},"end":{"line":237,"column":5}},"type":"if","locations":[{"start":{"line":235,"column":4},"end":{"line":237,"column":5}}]},"6":{"loc":{"start":{"line":236,"column":12},"end":{"line":236,"column":82}},"type":"binary-expr","locations":[{"start":{"line":236,"column":12},"end":{"line":236,"column":31}},{"start":{"line":236,"column":35},"end":{"line":236,"column":82}}]},"7":{"loc":{"start":{"line":241,"column":4},"end":{"line":243,"column":5}},"type":"if","locations":[{"start":{"line":241,"column":4},"end":{"line":243,"column":5}}]},"8":{"loc":{"start":{"line":245,"column":92},"end":{"line":245,"column":162}},"type":"cond-expr","locations":[{"start":{"line":245,"column":126},"end":{"line":245,"column":154}},{"start":{"line":245,"column":157},"end":{"line":245,"column":162}}]},"9":{"loc":{"start":{"line":249,"column":4},"end":{"line":257,"column":5}},"type":"if","locations":[{"start":{"line":249,"column":4},"end":{"line":257,"column":5}},{"start":{"line":252,"column":11},"end":{"line":257,"column":5}}]},"10":{"loc":{"start":{"line":249,"column":8},"end":{"line":249,"column":112}},"type":"binary-expr","locations":[{"start":{"line":249,"column":8},"end":{"line":249,"column":38}},{"start":{"line":249,"column":42},"end":{"line":249,"column":61}},{"start":{"line":249,"column":65},"end":{"line":249,"column":88}},{"start":{"line":249,"column":92},"end":{"line":249,"column":112}}]},"11":{"loc":{"start":{"line":252,"column":11},"end":{"line":257,"column":5}},"type":"if","locations":[{"start":{"line":252,"column":11},"end":{"line":257,"column":5}},{"start":{"line":254,"column":11},"end":{"line":257,"column":5}}]},"12":{"loc":{"start":{"line":260,"column":4},"end":{"line":263,"column":5}},"type":"if","locations":[{"start":{"line":260,"column":4},"end":{"line":263,"column":5}}]},"13":{"loc":{"start":{"line":276,"column":4},"end":{"line":278,"column":5}},"type":"if","locations":[{"start":{"line":276,"column":4},"end":{"line":278,"column":5}}]},"14":{"loc":{"start":{"line":286,"column":66},"end":{"line":286,"column":132}},"type":"cond-expr","locations":[{"start":{"line":286,"column":96},"end":{"line":286,"column":114}},{"start":{"line":286,"column":117},"end":{"line":286,"column":132}}]},"15":{"loc":{"start":{"line":290,"column":4},"end":{"line":299,"column":5}},"type":"if","locations":[{"start":{"line":290,"column":4},"end":{"line":299,"column":5}}]},"16":{"loc":{"start":{"line":290,"column":8},"end":{"line":290,"column":61}},"type":"binary-expr","locations":[{"start":{"line":290,"column":8},"end":{"line":290,"column":25}},{"start":{"line":290,"column":29},"end":{"line":290,"column":61}}]},"17":{"loc":{"start":{"line":292,"column":8},"end":{"line":295,"column":9}},"type":"if","locations":[{"start":{"line":292,"column":8},"end":{"line":295,"column":9}}]},"18":{"loc":{"start":{"line":292,"column":12},"end":{"line":292,"column":61}},"type":"binary-expr","locations":[{"start":{"line":292,"column":12},"end":{"line":292,"column":17}},{"start":{"line":292,"column":21},"end":{"line":292,"column":46}},{"start":{"line":292,"column":50},"end":{"line":292,"column":61}}]},"19":{"loc":{"start":{"line":303,"column":4},"end":{"line":307,"column":5}},"type":"if","locations":[{"start":{"line":303,"column":4},"end":{"line":307,"column":5}}]},"20":{"loc":{"start":{"line":312,"column":4},"end":{"line":370,"column":5}},"type":"if","locations":[{"start":{"line":312,"column":4},"end":{"line":370,"column":5}}]},"21":{"loc":{"start":{"line":312,"column":8},"end":{"line":312,"column":87}},"type":"binary-expr","locations":[{"start":{"line":312,"column":8},"end":{"line":312,"column":36}},{"start":{"line":312,"column":40},"end":{"line":312,"column":87}}]},"22":{"loc":{"start":{"line":315,"column":25},"end":{"line":315,"column":55}},"type":"binary-expr","locations":[{"start":{"line":315,"column":25},"end":{"line":315,"column":50}},{"start":{"line":315,"column":54},"end":{"line":315,"column":55}}]},"23":{"loc":{"start":{"line":315,"column":25},"end":{"line":315,"column":50}},"type":"cond-expr","locations":[{"start":{"line":315,"column":42},"end":{"line":315,"column":44}},{"start":{"line":315,"column":42},"end":{"line":315,"column":50}}]},"24":{"loc":{"start":{"line":315,"column":25},"end":{"line":315,"column":44}},"type":"binary-expr","locations":[{"start":{"line":315,"column":25},"end":{"line":315,"column":44}},{"start":{"line":315,"column":42},"end":{"line":315,"column":44}}]},"25":{"loc":{"start":{"line":318,"column":6},"end":{"line":369,"column":7}},"type":"if","locations":[{"start":{"line":318,"column":6},"end":{"line":369,"column":7}}]},"26":{"loc":{"start":{"line":318,"column":10},"end":{"line":318,"column":59}},"type":"binary-expr","locations":[{"start":{"line":318,"column":10},"end":{"line":318,"column":27}},{"start":{"line":318,"column":31},"end":{"line":318,"column":59}}]},"27":{"loc":{"start":{"line":322,"column":32},"end":{"line":322,"column":59}},"type":"binary-expr","locations":[{"start":{"line":322,"column":32},"end":{"line":322,"column":45}},{"start":{"line":322,"column":49},"end":{"line":322,"column":59}}]},"28":{"loc":{"start":{"line":323,"column":21},"end":{"line":323,"column":98}},"type":"cond-expr","locations":[{"start":{"line":323,"column":35},"end":{"line":323,"column":56}},{"start":{"line":323,"column":60},"end":{"line":323,"column":97}}]},"29":{"loc":{"start":{"line":323,"column":60},"end":{"line":323,"column":97}},"type":"cond-expr","locations":[{"start":{"line":323,"column":74},"end":{"line":323,"column":84}},{"start":{"line":323,"column":87},"end":{"line":323,"column":97}}]},"30":{"loc":{"start":{"line":324,"column":21},"end":{"line":324,"column":41}},"type":"binary-expr","locations":[{"start":{"line":324,"column":21},"end":{"line":324,"column":32}},{"start":{"line":324,"column":36},"end":{"line":324,"column":41}}]},"31":{"loc":{"start":{"line":325,"column":19},"end":{"line":325,"column":41}},"type":"binary-expr","locations":[{"start":{"line":325,"column":19},"end":{"line":325,"column":28}},{"start":{"line":325,"column":32},"end":{"line":325,"column":41}}]},"32":{"loc":{"start":{"line":326,"column":21},"end":{"line":326,"column":45}},"type":"binary-expr","locations":[{"start":{"line":326,"column":21},"end":{"line":326,"column":32}},{"start":{"line":326,"column":36},"end":{"line":326,"column":45}}]},"33":{"loc":{"start":{"line":327,"column":25},"end":{"line":327,"column":46}},"type":"binary-expr","locations":[{"start":{"line":327,"column":25},"end":{"line":327,"column":40}},{"start":{"line":327,"column":44},"end":{"line":327,"column":46}}]},"34":{"loc":{"start":{"line":328,"column":22},"end":{"line":328,"column":42}},"type":"binary-expr","locations":[{"start":{"line":328,"column":22},"end":{"line":328,"column":34}},{"start":{"line":328,"column":38},"end":{"line":328,"column":42}}]},"35":{"loc":{"start":{"line":330,"column":26},"end":{"line":330,"column":48}},"type":"binary-expr","locations":[{"start":{"line":330,"column":26},"end":{"line":330,"column":42}},{"start":{"line":330,"column":46},"end":{"line":330,"column":48}}]},"36":{"loc":{"start":{"line":356,"column":19},"end":{"line":356,"column":85}},"type":"cond-expr","locations":[{"start":{"line":356,"column":48},"end":{"line":356,"column":65}},{"start":{"line":356,"column":68},"end":{"line":356,"column":85}}]},"37":{"loc":{"start":{"line":357,"column":29},"end":{"line":357,"column":59}},"type":"binary-expr","locations":[{"start":{"line":357,"column":29},"end":{"line":357,"column":54}},{"start":{"line":357,"column":58},"end":{"line":357,"column":59}}]},"38":{"loc":{"start":{"line":357,"column":29},"end":{"line":357,"column":54}},"type":"cond-expr","locations":[{"start":{"line":357,"column":46},"end":{"line":357,"column":48}},{"start":{"line":357,"column":46},"end":{"line":357,"column":54}}]},"39":{"loc":{"start":{"line":357,"column":29},"end":{"line":357,"column":48}},"type":"binary-expr","locations":[{"start":{"line":357,"column":29},"end":{"line":357,"column":48}},{"start":{"line":357,"column":46},"end":{"line":357,"column":48}}]},"40":{"loc":{"start":{"line":365,"column":29},"end":{"line":365,"column":59}},"type":"binary-expr","locations":[{"start":{"line":365,"column":29},"end":{"line":365,"column":54}},{"start":{"line":365,"column":58},"end":{"line":365,"column":59}}]},"41":{"loc":{"start":{"line":365,"column":29},"end":{"line":365,"column":54}},"type":"cond-expr","locations":[{"start":{"line":365,"column":46},"end":{"line":365,"column":48}},{"start":{"line":365,"column":46},"end":{"line":365,"column":54}}]},"42":{"loc":{"start":{"line":365,"column":29},"end":{"line":365,"column":48}},"type":"binary-expr","locations":[{"start":{"line":365,"column":29},"end":{"line":365,"column":48}},{"start":{"line":365,"column":46},"end":{"line":365,"column":48}}]},"43":{"loc":{"start":{"line":374,"column":48},"end":{"line":374,"column":74}},"type":"binary-expr","locations":[{"start":{"line":374,"column":48},"end":{"line":374,"column":69}},{"start":{"line":374,"column":73},"end":{"line":374,"column":74}}]},"44":{"loc":{"start":{"line":374,"column":48},"end":{"line":374,"column":69}},"type":"cond-expr","locations":[{"start":{"line":374,"column":61},"end":{"line":374,"column":63}},{"start":{"line":374,"column":61},"end":{"line":374,"column":69}}]},"45":{"loc":{"start":{"line":374,"column":48},"end":{"line":374,"column":63}},"type":"binary-expr","locations":[{"start":{"line":374,"column":48},"end":{"line":374,"column":63}},{"start":{"line":374,"column":61},"end":{"line":374,"column":63}}]},"46":{"loc":{"start":{"line":374,"column":86},"end":{"line":374,"column":116}},"type":"binary-expr","locations":[{"start":{"line":374,"column":86},"end":{"line":374,"column":111}},{"start":{"line":374,"column":115},"end":{"line":374,"column":116}}]},"47":{"loc":{"start":{"line":374,"column":86},"end":{"line":374,"column":111}},"type":"cond-expr","locations":[{"start":{"line":374,"column":103},"end":{"line":374,"column":105}},{"start":{"line":374,"column":103},"end":{"line":374,"column":111}}]},"48":{"loc":{"start":{"line":374,"column":86},"end":{"line":374,"column":105}},"type":"binary-expr","locations":[{"start":{"line":374,"column":86},"end":{"line":374,"column":105}},{"start":{"line":374,"column":103},"end":{"line":374,"column":105}}]},"49":{"loc":{"start":{"line":374,"column":133},"end":{"line":374,"column":162}},"type":"binary-expr","locations":[{"start":{"line":374,"column":133},"end":{"line":374,"column":157}},{"start":{"line":374,"column":161},"end":{"line":374,"column":162}}]},"50":{"loc":{"start":{"line":374,"column":133},"end":{"line":374,"column":157}},"type":"cond-expr","locations":[{"start":{"line":374,"column":149},"end":{"line":374,"column":151}},{"start":{"line":374,"column":149},"end":{"line":374,"column":157}}]},"51":{"loc":{"start":{"line":374,"column":133},"end":{"line":374,"column":151}},"type":"binary-expr","locations":[{"start":{"line":374,"column":133},"end":{"line":374,"column":151}},{"start":{"line":374,"column":149},"end":{"line":374,"column":151}}]},"52":{"loc":{"start":{"line":383,"column":4},"end":{"line":395,"column":5}},"type":"if","locations":[{"start":{"line":383,"column":4},"end":{"line":395,"column":5}},{"start":{"line":393,"column":11},"end":{"line":395,"column":5}}]},"53":{"loc":{"start":{"line":385,"column":6},"end":{"line":391,"column":7}},"type":"if","locations":[{"start":{"line":385,"column":6},"end":{"line":391,"column":7}},{"start":{"line":387,"column":13},"end":{"line":391,"column":7}}]},"54":{"loc":{"start":{"line":387,"column":13},"end":{"line":391,"column":7}},"type":"if","locations":[{"start":{"line":387,"column":13},"end":{"line":391,"column":7}},{"start":{"line":389,"column":13},"end":{"line":391,"column":7}}]},"55":{"loc":{"start":{"line":387,"column":17},"end":{"line":387,"column":88}},"type":"binary-expr","locations":[{"start":{"line":387,"column":17},"end":{"line":387,"column":48}},{"start":{"line":387,"column":52},"end":{"line":387,"column":88}}]},"56":{"loc":{"start":{"line":389,"column":13},"end":{"line":391,"column":7}},"type":"if","locations":[{"start":{"line":389,"column":13},"end":{"line":391,"column":7}}]}},"s":{"0":1,"1":1,"2":1,"3":1,"4":1,"5":1,"6":1,"7":1,"8":17,"9":17,"10":1,"11":19,"12":1,"13":19,"14":19,"15":19,"16":19,"17":19,"18":2,"19":17,"20":0,"21":17,"22":17,"23":17,"24":17,"25":17,"26":17,"27":17,"28":17,"29":17,"30":17,"31":16,"32":16,"33":16,"34":16,"35":17,"36":1,"37":16,"38":16,"39":0,"40":16,"41":16,"42":0,"43":0,"44":16,"45":16,"46":0,"47":0,"48":16,"49":0,"50":0,"51":16,"52":16,"53":16,"54":16,"55":16,"56":15,"57":16,"58":16,"59":1,"60":1,"61":1,"62":15,"63":3,"64":7,"65":7,"66":7,"67":3,"68":15,"69":15,"70":0,"71":0,"72":0,"73":15,"74":15,"75":11,"76":11,"77":10,"78":10,"79":10,"80":10,"81":10,"82":10,"83":10,"84":10,"85":0,"86":0,"87":0,"88":0,"89":15,"90":15,"91":15,"92":15,"93":15,"94":2,"95":2,"96":2,"97":2,"98":0,"99":2,"100":0,"101":2,"102":0,"103":2,"104":0,"105":1},"f":{"0":17,"1":19,"2":19,"3":19,"4":17,"5":17,"6":17,"7":17,"8":7,"9":10},"b":{"0":[1,1],"1":[1,1],"2":[2],"3":[19,18],"4":[0],"5":[1],"6":[1,0],"7":[0],"8":[16,0],"9":[0,16],"10":[16,0,0,0],"11":[16,0],"12":[0],"13":[15],"14":[1,0],"15":[3],"16":[15,3],"17":[7],"18":[7,7,7],"19":[0],"20":[11],"21":[15,4],"22":[11,1],"23":[1,10],"24":[11,11],"25":[10],"26":[11,10],"27":[10,8],"28":[1,9],"29":[1,8],"30":[10,9],"31":[10,0],"32":[10,0],"33":[10,6],"34":[10,10],"35":[10,10],"36":[0,0],"37":[0,0],"38":[0,0],"39":[0,0],"40":[0,0],"41":[0,0],"42":[0,0],"43":[15,12],"44":[12,3],"45":[15,15],"46":[15,1],"47":[1,14],"48":[15,15],"49":[15,14],"50":[14,1],"51":[15,15],"52":[2,0],"53":[0,2],"54":[0,2],"55":[2,2],"56":[0]}}
}
