TN:
SF:types/cv.ts
FN:92,(anonymous_0)
FN:107,(anonymous_1)
FN:109,(anonymous_2)
FN:111,(anonymous_3)
FN:118,(anonymous_4)
FN:121,(anonymous_5)
FN:123,(anonymous_6)
FN:134,(anonymous_7)
FNF:8
FNH:0
FNDA:0,(anonymous_0)
FNDA:0,(anonymous_1)
FNDA:0,(anonymous_2)
FNDA:0,(anonymous_3)
FNDA:0,(anonymous_4)
FNDA:0,(anonymous_5)
FNDA:0,(anonymous_6)
FNDA:0,(anonymous_7)
DA:1,2
DA:2,2
DA:21,2
DA:32,2
DA:40,2
DA:53,2
DA:70,2
DA:82,2
DA:92,2
DA:102,0
DA:105,0
DA:106,0
DA:107,0
DA:108,0
DA:109,0
DA:111,0
DA:117,0
DA:118,0
DA:120,0
DA:121,0
DA:122,0
DA:123,0
DA:124,0
DA:125,0
DA:134,0
DA:135,0
DA:137,0
DA:138,0
DA:139,0
DA:140,0
DA:149,0
DA:150,0
DA:151,0
DA:153,0
DA:161,0
DA:162,0
DA:163,0
DA:164,0
DA:172,0
DA:173,0
DA:178,0
DA:181,0
DA:189,2
DA:213,2
DA:216,2
DA:241,2
DA:248,2
DA:266,2
DA:280,2
DA:286,2
LF:50
LH:17
BRDA:106,0,0,0
BRDA:111,1,0,0
BRDA:111,1,1,0
BRDA:111,2,0,0
BRDA:111,2,1,0
BRDA:117,3,0,0
BRDA:117,4,0,0
BRDA:117,4,1,0
BRDA:118,5,0,0
BRDA:120,6,0,0
BRDA:123,7,0,0
BRDA:123,7,1,0
BRDA:123,8,0,0
BRDA:123,8,1,0
BRDA:124,9,0,0
BRDA:124,10,0,0
BRDA:124,10,1,0
BRDA:124,10,2,0
BRDA:137,11,0,0
BRDA:137,12,0,0
BRDA:137,12,1,0
BRDA:137,12,2,0
BRDA:139,13,0,0
BRDA:149,14,0,0
BRDA:149,15,0,0
BRDA:149,15,1,0
BRDA:149,15,2,0
BRDA:161,16,0,0
BRDA:161,17,0,0
BRDA:161,17,1,0
BRDA:161,17,2,0
BRDA:163,18,0,0
BRDA:172,19,0,0
BRDA:172,20,0,0
BRDA:172,20,1,0
BRDA:182,21,0,0
BRDA:182,21,1,0
BRF:37
BRH:0
end_of_record
TN:
SF:utils/apiLogger.ts
FN:7,(anonymous_16)
FN:16,(anonymous_17)
FN:84,(anonymous_18)
FN:89,(anonymous_19)
FN:99,(anonymous_20)
FN:106,(anonymous_21)
FN:119,(anonymous_22)
FN:152,(anonymous_23)
FN:182,(anonymous_24)
FN:208,(anonymous_25)
FN:213,(anonymous_26)
FN:221,(anonymous_27)
FN:231,(anonymous_29)
FN:256,(anonymous_30)
FN:257,(anonymous_31)
FN:328,(anonymous_32)
FN:335,(anonymous_33)
FN:337,(anonymous_34)
FN:344,(anonymous_35)
FN:346,(anonymous_36)
FN:353,(anonymous_37)
FN:363,(anonymous_38)
FN:371,(anonymous_39)
FN:384,(anonymous_40)
FN:388,(anonymous_41)
FN:392,(anonymous_42)
FN:396,(anonymous_43)
FN:401,(anonymous_44)
FN:409,(anonymous_45)
FN:418,(anonymous_46)
FN:428,(anonymous_47)
FN:429,(anonymous_48)
FN:430,(anonymous_49)
FN:431,(anonymous_50)
FNF:34
FNH:5
FNDA:1,(anonymous_16)
FNDA:1,(anonymous_17)
FNDA:1,(anonymous_18)
FNDA:1,(anonymous_19)
FNDA:0,(anonymous_20)
FNDA:0,(anonymous_21)
FNDA:0,(anonymous_22)
FNDA:0,(anonymous_23)
FNDA:0,(anonymous_24)
FNDA:1,(anonymous_25)
FNDA:0,(anonymous_26)
FNDA:0,(anonymous_27)
FNDA:0,(anonymous_29)
FNDA:0,(anonymous_30)
FNDA:0,(anonymous_31)
FNDA:0,(anonymous_32)
FNDA:0,(anonymous_33)
FNDA:0,(anonymous_34)
FNDA:0,(anonymous_35)
FNDA:0,(anonymous_36)
FNDA:0,(anonymous_37)
FNDA:0,(anonymous_38)
FNDA:0,(anonymous_39)
FNDA:0,(anonymous_40)
FNDA:0,(anonymous_41)
FNDA:0,(anonymous_42)
FNDA:0,(anonymous_43)
FNDA:0,(anonymous_44)
FNDA:0,(anonymous_45)
FNDA:0,(anonymous_46)
FNDA:0,(anonymous_47)
FNDA:0,(anonymous_48)
FNDA:0,(anonymous_49)
FNDA:0,(anonymous_50)
DA:7,1
DA:8,1
DA:9,1
DA:10,1
DA:11,1
DA:12,1
DA:16,1
DA:17,1
DA:18,1
DA:19,1
DA:20,1
DA:21,1
DA:65,1
DA:78,1
DA:80,1
DA:81,1
DA:85,1
DA:86,1
DA:90,1
DA:91,1
DA:93,1
DA:100,0
DA:107,0
DA:109,0
DA:110,0
DA:111,0
DA:113,0
DA:126,0
DA:137,0
DA:138,0
DA:139,0
DA:146,0
DA:159,0
DA:161,0
DA:164,0
DA:167,0
DA:168,0
DA:172,0
DA:173,0
DA:176,0
DA:183,0
DA:184,0
DA:186,0
DA:188,0
DA:190,0
DA:191,0
DA:193,0
DA:194,0
DA:196,0
DA:197,0
DA:200,0
DA:201,0
DA:209,1
DA:210,0
DA:213,1
DA:214,0
DA:222,0
DA:224,0
DA:225,0
DA:227,0
DA:229,0
DA:230,0
DA:231,0
DA:232,0
DA:233,0
DA:235,0
DA:236,0
DA:239,0
DA:240,0
DA:245,0
DA:246,0
DA:249,0
DA:257,0
DA:273,0
DA:274,0
DA:277,0
DA:283,0
DA:284,0
DA:285,0
DA:288,0
DA:294,0
DA:302,0
DA:303,0
DA:306,0
DA:316,0
DA:329,0
DA:336,0
DA:337,0
DA:345,0
DA:346,0
DA:354,0
DA:355,0
DA:356,0
DA:364,0
DA:365,0
DA:372,0
DA:373,0
DA:374,0
DA:376,0
DA:381,1
DA:384,1
DA:385,0
DA:388,1
DA:389,0
DA:392,1
DA:393,0
DA:396,1
DA:397,0
DA:401,1
DA:406,0
DA:409,1
DA:414,0
DA:418,1
DA:419,0
DA:420,0
DA:422,0
DA:428,0
DA:429,0
DA:430,0
DA:431,0
LF:120
LH:31
BRDA:7,0,0,1
BRDA:7,0,1,1
BRDA:16,1,0,1
BRDA:16,1,1,1
BRDA:66,2,0,1
BRDA:66,2,1,1
BRDA:84,3,0,1
BRDA:90,4,0,1
BRDA:107,5,0,0
BRDA:137,6,0,0
BRDA:137,7,0,0
BRDA:137,7,1,0
BRDA:137,7,2,0
BRDA:159,8,0,0
BRDA:167,9,0,0
BRDA:172,10,0,0
BRDA:188,11,0,0
BRDA:188,11,1,0
BRDA:188,11,2,0
BRDA:188,11,3,0
BRDA:188,11,4,0
BRDA:209,12,0,0
BRDA:222,13,0,0
BRDA:222,14,0,0
BRDA:222,14,1,0
BRDA:229,15,0,0
BRDA:235,16,0,0
BRDA:239,17,0,0
BRDA:245,18,0,0
BRDA:260,19,0,0
BRDA:279,20,0,0
BRDA:279,20,1,0
BRDA:291,21,0,0
BRDA:291,21,1,0
BRDA:312,22,0,0
BRDA:312,22,1,0
BRDA:328,23,0,0
BRDA:335,24,0,0
BRDA:344,25,0,0
BRDA:346,26,0,0
BRDA:346,26,1,0
BRDA:355,27,0,0
BRDA:372,28,0,0
BRDA:426,29,0,0
BRDA:426,29,1,0
BRF:45
BRH:8
end_of_record
TN:
SF:utils/backgroundProfileSync.ts
FN:24,debugLog
FN:33,errorLog
FN:40,transformContactInfo
FN:65,transformSkills
FN:74,(anonymous_11)
FN:75,(anonymous_12)
FN:88,transformExperience
FN:97,(anonymous_14)
FN:98,(anonymous_15)
FN:126,transformEducation
FN:135,(anonymous_17)
FN:136,(anonymous_18)
FN:155,transformAchievements
FN:164,(anonymous_20)
FN:165,(anonymous_21)
FN:180,transformCvToProfileData
FN:218,getExistingProfile
FN:258,callProfileUpdateAPI
FN:303,updateProfileDirectly
FN:339,(anonymous_29)
FN:339,(anonymous_30)
FN:365,(anonymous_31)
FN:382,(anonymous_32)
FN:390,(anonymous_33)
FN:414,syncCvDataToProfile
FN:428,(anonymous_36)
FN:429,(anonymous_37)
FN:445,performSync
FN:489,syncCvDataFromAnalysisId
FNF:29
FNH:23
FNDA:155,debugLog
FNDA:10,errorLog
FNDA:9,transformContactInfo
FNDA:6,transformSkills
FNDA:6,(anonymous_11)
FNDA:6,(anonymous_12)
FNDA:33,transformExperience
FNDA:29,(anonymous_14)
FNDA:27,(anonymous_15)
FNDA:6,transformEducation
FNDA:1,(anonymous_17)
FNDA:1,(anonymous_18)
FNDA:6,transformAchievements
FNDA:1,(anonymous_20)
FNDA:1,(anonymous_21)
FNDA:5,transformCvToProfileData
FNDA:5,getExistingProfile
FNDA:0,callProfileUpdateAPI
FNDA:5,updateProfileDirectly
FNDA:3,(anonymous_29)
FNDA:3,(anonymous_30)
FNDA:0,(anonymous_31)
FNDA:0,(anonymous_32)
FNDA:0,(anonymous_33)
FNDA:5,syncCvDataToProfile
FNDA:5,(anonymous_36)
FNDA:0,(anonymous_37)
FNDA:5,performSync
FNDA:0,syncCvDataFromAnalysisId
DA:9,4
DA:13,4
DA:16,4
DA:17,4
DA:18,4
DA:19,4
DA:25,155
DA:26,2
DA:34,10
DA:40,4
DA:41,9
DA:43,9
DA:44,2
DA:45,2
DA:48,7
DA:58,7
DA:59,7
DA:65,4
DA:66,6
DA:68,6
DA:69,0
DA:70,0
DA:73,6
DA:74,6
DA:75,6
DA:81,6
DA:82,6
DA:88,4
DA:89,33
DA:91,33
DA:92,4
DA:93,4
DA:96,29
DA:97,29
DA:102,27
DA:104,27
DA:119,29
DA:120,29
DA:126,4
DA:127,6
DA:129,6
DA:130,0
DA:131,0
DA:134,6
DA:135,1
DA:136,1
DA:148,6
DA:149,6
DA:155,4
DA:156,6
DA:158,6
DA:159,0
DA:160,0
DA:163,6
DA:164,1
DA:165,1
DA:173,6
DA:174,6
DA:181,5
DA:190,5
DA:203,5
DA:212,5
DA:219,5
DA:221,5
DA:222,5
DA:242,5
DA:248,5
DA:250,0
DA:251,0
DA:259,0
DA:261,0
DA:263,0
DA:264,0
DA:266,0
DA:273,0
DA:282,0
DA:284,0
DA:285,0
DA:286,0
DA:287,0
DA:290,0
DA:291,0
DA:292,0
DA:295,0
DA:296,0
DA:304,5
DA:306,5
DA:308,5
DA:339,3
DA:341,3
DA:347,0
DA:367,0
DA:368,0
DA:373,0
DA:382,0
DA:390,0
DA:398,2
DA:399,0
DA:402,5
DA:403,5
DA:414,4
DA:415,5
DA:416,5
DA:419,5
DA:420,0
DA:421,0
DA:424,5
DA:426,5
DA:429,5
DA:433,0
DA:434,0
DA:435,0
DA:437,0
DA:447,5
DA:448,0
DA:449,0
DA:452,5
DA:453,0
DA:454,0
DA:457,5
DA:465,5
DA:468,5
DA:471,5
DA:473,5
DA:475,5
DA:476,0
DA:478,5
DA:489,4
DA:490,0
DA:492,0
DA:494,0
DA:502,0
DA:503,0
DA:504,0
DA:508,0
DA:509,0
DA:513,0
DA:517,0
DA:519,0
DA:520,0
DA:521,0
DA:525,0
DA:528,0
DA:532,4
LF:144
LH:87
BRDA:18,0,0,4
BRDA:18,0,1,4
BRDA:25,1,0,2
BRDA:26,2,0,2
BRDA:26,2,1,0
BRDA:43,3,0,2
BRDA:49,4,0,7
BRDA:49,4,1,4
BRDA:50,5,0,7
BRDA:50,5,1,4
BRDA:53,6,0,7
BRDA:53,6,1,6
BRDA:54,7,0,7
BRDA:54,7,1,6
BRDA:55,8,0,7
BRDA:55,8,1,6
BRDA:68,9,0,0
BRDA:68,10,0,6
BRDA:68,10,1,6
BRDA:74,11,0,6
BRDA:74,11,1,6
BRDA:77,12,0,6
BRDA:77,12,1,1
BRDA:78,13,0,6
BRDA:78,13,1,1
BRDA:91,14,0,4
BRDA:91,15,0,33
BRDA:91,15,1,31
BRDA:97,16,0,29
BRDA:97,16,1,28
BRDA:102,17,0,12
BRDA:102,17,1,15
BRDA:107,18,0,27
BRDA:107,18,1,22
BRDA:108,19,0,27
BRDA:108,19,1,23
BRDA:109,20,0,27
BRDA:109,20,1,17
BRDA:110,21,0,7
BRDA:110,21,1,20
BRDA:112,22,0,27
BRDA:112,22,1,20
BRDA:113,23,0,27
BRDA:113,23,1,20
BRDA:114,24,0,27
BRDA:114,24,1,20
BRDA:115,25,0,27
BRDA:115,25,1,12
BRDA:129,26,0,0
BRDA:129,27,0,6
BRDA:129,27,1,6
BRDA:137,28,0,1
BRDA:137,28,1,0
BRDA:139,29,0,1
BRDA:139,29,1,0
BRDA:140,30,0,1
BRDA:140,30,1,0
BRDA:141,31,0,1
BRDA:141,31,1,0
BRDA:142,32,0,1
BRDA:142,32,1,0
BRDA:158,33,0,0
BRDA:158,34,0,6
BRDA:158,34,1,6
BRDA:164,35,0,1
BRDA:164,35,1,1
BRDA:168,36,0,1
BRDA:168,36,1,0
BRDA:169,37,0,1
BRDA:169,37,1,0
BRDA:170,38,0,1
BRDA:170,38,1,0
BRDA:183,39,0,5
BRDA:183,39,1,2
BRDA:183,40,0,0
BRDA:183,40,1,5
BRDA:183,41,0,5
BRDA:183,41,1,5
BRDA:184,42,0,5
BRDA:184,42,1,4
BRDA:184,43,0,0
BRDA:184,43,1,5
BRDA:184,44,0,5
BRDA:184,44,1,5
BRDA:185,45,0,5
BRDA:185,45,1,5
BRDA:185,46,0,0
BRDA:185,46,1,5
BRDA:185,47,0,5
BRDA:185,47,1,5
BRDA:186,48,0,5
BRDA:186,48,1,5
BRDA:186,49,0,0
BRDA:186,49,1,5
BRDA:186,50,0,5
BRDA:186,50,1,5
BRDA:191,51,0,5
BRDA:191,51,1,1
BRDA:191,51,2,1
BRDA:191,52,0,1
BRDA:191,52,1,4
BRDA:191,53,0,5
BRDA:191,53,1,5
BRDA:191,54,0,1
BRDA:191,54,1,0
BRDA:191,55,0,1
BRDA:191,55,1,1
BRDA:192,56,0,5
BRDA:192,56,1,5
BRDA:192,57,0,5
BRDA:192,57,1,0
BRDA:192,58,0,5
BRDA:192,58,1,5
BRDA:193,59,0,5
BRDA:193,59,1,1
BRDA:193,59,2,1
BRDA:193,60,0,1
BRDA:193,60,1,4
BRDA:193,61,0,5
BRDA:193,61,1,5
BRDA:193,62,0,1
BRDA:193,62,1,0
BRDA:193,63,0,1
BRDA:193,63,1,1
BRDA:194,64,0,5
BRDA:194,64,1,5
BRDA:194,64,2,5
BRDA:194,65,0,5
BRDA:194,65,1,0
BRDA:194,66,0,5
BRDA:194,66,1,5
BRDA:200,67,0,5
BRDA:200,67,1,5
BRDA:200,68,0,5
BRDA:200,68,1,0
BRDA:200,69,0,5
BRDA:200,69,1,5
BRDA:206,70,0,5
BRDA:206,70,1,2
BRDA:206,71,0,0
BRDA:206,71,1,5
BRDA:206,72,0,5
BRDA:206,72,1,5
BRDA:207,73,0,5
BRDA:207,73,1,4
BRDA:207,74,0,0
BRDA:207,74,1,5
BRDA:207,75,0,5
BRDA:207,75,1,5
BRDA:208,76,0,5
BRDA:208,76,1,5
BRDA:208,77,0,0
BRDA:208,77,1,5
BRDA:208,78,0,5
BRDA:208,78,1,5
BRDA:209,79,0,5
BRDA:209,79,1,5
BRDA:209,80,0,0
BRDA:209,80,1,5
BRDA:209,81,0,5
BRDA:209,81,1,5
BRDA:244,82,0,5
BRDA:244,82,1,0
BRDA:244,83,0,5
BRDA:244,83,1,5
BRDA:245,84,0,5
BRDA:245,84,1,5
BRDA:245,85,0,5
BRDA:245,85,1,0
BRDA:245,86,0,5
BRDA:245,86,1,5
BRDA:245,87,0,5
BRDA:245,87,1,0
BRDA:245,88,0,5
BRDA:245,88,1,5
BRDA:263,89,0,0
BRDA:263,89,1,0
BRDA:284,90,0,0
BRDA:315,91,0,4
BRDA:315,91,1,1
BRDA:339,92,0,5
BRDA:339,92,1,0
BRDA:339,93,0,0
BRDA:339,93,1,5
BRDA:339,94,0,5
BRDA:339,94,1,5
BRDA:365,95,0,2
BRDA:365,95,1,0
BRDA:365,96,0,0
BRDA:365,96,1,2
BRDA:365,97,0,2
BRDA:365,97,1,2
BRDA:367,98,0,0
BRDA:367,98,1,0
BRDA:368,99,0,0
BRDA:368,99,1,0
BRDA:368,100,0,0
BRDA:368,100,1,0
BRDA:368,100,2,0
BRDA:375,101,0,0
BRDA:375,101,1,0
BRDA:376,102,0,0
BRDA:376,102,1,0
BRDA:376,103,0,0
BRDA:376,103,1,0
BRDA:382,104,0,2
BRDA:382,104,1,0
BRDA:382,105,0,0
BRDA:382,105,1,2
BRDA:382,106,0,2
BRDA:382,106,1,2
BRDA:385,107,0,0
BRDA:385,107,1,0
BRDA:390,108,0,2
BRDA:390,108,1,0
BRDA:390,109,0,0
BRDA:390,109,1,2
BRDA:390,110,0,2
BRDA:390,110,1,2
BRDA:419,111,0,0
BRDA:434,112,0,0
BRDA:434,112,1,0
BRDA:434,113,0,0
BRDA:434,113,1,0
BRDA:447,114,0,0
BRDA:447,115,0,5
BRDA:447,115,1,5
BRDA:452,116,0,0
BRDA:452,117,0,5
BRDA:452,117,1,5
BRDA:475,118,0,0
BRDA:475,118,1,5
BRDA:502,119,0,0
BRDA:508,120,0,0
BRDA:519,121,0,0
BRF:235
BRH:170
end_of_record
TN:
SF:utils/circuitBreaker.ts
FN:11,(anonymous_16)
FN:14,(anonymous_17)
FN:26,(anonymous_19)
FN:26,(anonymous_20)
FN:35,(anonymous_21)
FN:40,(anonymous_22)
FN:42,(anonymous_24)
FN:49,(anonymous_25)
FN:51,(anonymous_27)
FN:65,(anonymous_28)
FN:131,(anonymous_29)
FN:146,(anonymous_30)
FN:158,(anonymous_31)
FN:259,(anonymous_33)
FN:286,(anonymous_35)
FN:298,(anonymous_37)
FN:318,(anonymous_39)
FN:342,(anonymous_41)
FN:352,(anonymous_43)
FN:379,(anonymous_45)
FN:401,(anonymous_47)
FN:409,(anonymous_48)
FN:413,(anonymous_49)
FN:419,(anonymous_50)
FNF:24
FNH:5
FNDA:2,(anonymous_16)
FNDA:0,(anonymous_17)
FNDA:0,(anonymous_19)
FNDA:0,(anonymous_20)
FNDA:2,(anonymous_21)
FNDA:0,(anonymous_22)
FNDA:0,(anonymous_24)
FNDA:0,(anonymous_25)
FNDA:0,(anonymous_27)
FNDA:1,(anonymous_28)
FNDA:2,(anonymous_29)
FNDA:2,(anonymous_30)
FNDA:0,(anonymous_31)
FNDA:0,(anonymous_33)
FNDA:0,(anonymous_35)
FNDA:0,(anonymous_37)
FNDA:0,(anonymous_39)
FNDA:0,(anonymous_41)
FNDA:0,(anonymous_43)
FNDA:0,(anonymous_45)
FNDA:0,(anonymous_47)
FNDA:0,(anonymous_48)
FNDA:0,(anonymous_49)
FNDA:0,(anonymous_50)
DA:12,2
DA:15,0
DA:16,0
DA:18,0
DA:19,0
DA:20,0
DA:23,0
DA:26,0
DA:27,0
DA:35,1
DA:37,2
DA:39,0
DA:41,0
DA:42,0
DA:43,0
DA:46,0
DA:50,0
DA:51,0
DA:52,0
DA:61,2
DA:65,1
DA:66,1
DA:67,1
DA:68,1
DA:81,1
DA:129,1
DA:131,1
DA:132,2
DA:133,0
DA:140,1
DA:147,2
DA:148,2
DA:149,2
DA:150,2
DA:152,2
DA:162,0
DA:164,0
DA:166,0
DA:169,0
DA:170,0
DA:173,0
DA:174,0
DA:175,0
DA:178,0
DA:179,0
DA:189,0
DA:191,0
DA:192,0
DA:193,0
DA:202,0
DA:205,0
DA:206,0
DA:207,0
DA:210,0
DA:213,0
DA:215,0
DA:216,0
DA:224,0
DA:227,0
DA:228,0
DA:231,0
DA:232,0
DA:233,0
DA:234,0
DA:235,0
DA:243,0
DA:247,0
DA:260,0
DA:261,0
DA:262,0
DA:263,0
DA:266,0
DA:270,0
DA:287,0
DA:288,0
DA:289,0
DA:291,0
DA:299,0
DA:300,0
DA:301,0
DA:303,0
DA:304,0
DA:305,0
DA:306,0
DA:307,0
DA:308,0
DA:312,0
DA:319,0
DA:320,0
DA:321,0
DA:322,0
DA:323,0
DA:326,0
DA:328,0
DA:329,0
DA:330,0
DA:331,0
DA:332,0
DA:333,0
DA:336,0
DA:343,0
DA:344,0
DA:345,0
DA:346,0
DA:361,0
DA:362,0
DA:365,0
DA:380,0
DA:381,0
DA:392,0
DA:397,1
DA:398,1
DA:401,1
DA:405,0
DA:409,1
DA:413,0
DA:414,0
DA:419,0
DA:420,0
DA:422,0
DA:423,0
DA:425,0
DA:426,0
DA:427,0
DA:428,0
DA:429,0
DA:432,0
LF:127
LH:22
BRDA:16,0,0,0
BRDA:18,1,0,0
BRDA:26,2,0,0
BRDA:37,3,0,0
BRDA:65,4,0,1
BRDA:65,4,1,1
BRDA:129,5,0,1
BRDA:129,5,1,1
BRDA:132,6,0,0
BRDA:133,7,0,0
BRDA:133,7,1,0
BRDA:148,8,0,2
BRDA:148,8,1,0
BRDA:169,9,0,0
BRDA:173,10,0,0
BRDA:173,10,1,0
BRDA:189,11,0,0
BRDA:189,12,0,0
BRDA:189,12,1,0
BRDA:205,13,0,0
BRDA:231,14,0,0
BRDA:262,15,0,0
BRDA:303,16,0,0
BRDA:304,17,0,0
BRDA:326,18,0,0
BRDA:326,18,1,0
BRDA:326,19,0,0
BRDA:326,19,1,0
BRDA:330,20,0,0
BRDA:362,21,0,0
BRDA:362,21,1,0
BRDA:420,22,0,0
BRDA:420,22,1,0
BRDA:426,23,0,0
BRDA:426,23,1,0
BRDA:426,24,0,0
BRDA:426,24,1,0
BRDA:428,25,0,0
BRDA:428,26,0,0
BRDA:428,26,1,0
BRF:40
BRH:5
end_of_record
TN:
SF:utils/experienceCalculator.ts
FN:14,(anonymous_16)
FN:41,(anonymous_17)
FN:53,(anonymous_18)
FN:83,(anonymous_19)
FN:109,(anonymous_20)
FN:124,(anonymous_21)
FN:127,(anonymous_22)
FN:136,(anonymous_23)
FN:171,(anonymous_24)
FN:191,(anonymous_25)
FN:194,(anonymous_26)
FN:215,(anonymous_27)
FN:251,(anonymous_28)
FN:254,(anonymous_29)
FN:263,(anonymous_30)
FN:272,(anonymous_31)
FNF:16
FNH:9
FNDA:143,(anonymous_16)
FNDA:34,(anonymous_17)
FNDA:32,(anonymous_18)
FNDA:3,(anonymous_19)
FNDA:28,(anonymous_20)
FNDA:7,(anonymous_21)
FNDA:7,(anonymous_22)
FNDA:0,(anonymous_23)
FNDA:0,(anonymous_24)
FNDA:5,(anonymous_25)
FNDA:5,(anonymous_26)
FNDA:0,(anonymous_27)
FNDA:0,(anonymous_28)
FNDA:0,(anonymous_29)
FNDA:0,(anonymous_30)
FNDA:0,(anonymous_31)
DA:8,4
DA:9,4
DA:12,4
DA:14,4
DA:15,143
DA:16,4
DA:41,4
DA:42,34
DA:43,5
DA:44,5
DA:47,29
DA:50,29
DA:51,29
DA:53,29
DA:54,32
DA:55,32
DA:56,32
DA:59,32
DA:60,2
DA:61,2
DA:65,30
DA:66,1
DA:67,1
DA:70,29
DA:71,29
DA:73,0
DA:77,29
DA:78,3
DA:79,3
DA:83,26
DA:86,26
DA:87,26
DA:89,26
DA:90,3
DA:93,3
DA:95,1
DA:96,1
DA:99,2
DA:100,2
DA:105,26
DA:108,26
DA:109,26
DA:110,28
DA:111,28
DA:112,28
DA:115,26
DA:116,26
DA:118,26
DA:124,4
DA:127,7
DA:128,7
DA:130,7
DA:133,7
DA:134,0
DA:136,0
DA:137,0
DA:139,0
DA:140,0
DA:141,0
DA:150,0
DA:154,7
DA:157,7
DA:158,7
DA:159,7
DA:161,7
DA:169,7
DA:170,0
DA:171,0
DA:172,0
DA:173,0
DA:175,0
DA:179,7
DA:191,4
DA:194,5
DA:195,5
DA:197,5
DA:199,5
DA:201,5
DA:202,5
DA:203,5
DA:205,5
DA:213,5
DA:214,0
DA:215,0
DA:216,0
DA:217,0
DA:219,0
DA:223,5
DA:232,0
DA:235,0
DA:236,0
DA:237,0
DA:239,0
DA:251,4
DA:254,0
DA:255,0
DA:256,0
DA:257,0
DA:263,4
DA:272,0
DA:273,0
DA:276,0
DA:277,0
DA:278,0
DA:279,0
DA:280,0
DA:283,0
DA:287,0
LF:108
LH:72
BRDA:12,0,0,4
BRDA:12,0,1,4
BRDA:15,1,0,4
BRDA:16,2,0,0
BRDA:16,2,1,4
BRDA:42,3,0,5
BRDA:42,4,0,34
BRDA:42,4,1,32
BRDA:56,5,0,7
BRDA:56,5,1,25
BRDA:56,6,0,25
BRDA:56,6,1,0
BRDA:59,7,0,2
BRDA:59,8,0,32
BRDA:59,8,1,30
BRDA:65,9,0,1
BRDA:77,10,0,3
BRDA:93,11,0,1
BRDA:93,11,1,2
BRDA:133,12,0,0
BRDA:139,13,0,0
BRDA:169,14,0,0
BRDA:213,15,0,0
BRDA:276,16,0,0
BRDA:276,17,0,0
BRDA:276,17,1,0
BRDA:279,18,0,0
BRF:27
BRH:17
end_of_record
TN:
SF:utils/geminiAnalysis.ts
FN:14,(anonymous_7)
FN:20,(anonymous_8)
FN:31,(anonymous_9)
FN:31,(anonymous_10)
FN:200,(anonymous_11)
FN:200,(anonymous_12)
FN:203,(anonymous_13)
FN:203,(anonymous_14)
FN:291,(anonymous_15)
FN:321,(anonymous_16)
FNF:10
FNH:10
FNDA:17,(anonymous_7)
FNDA:19,(anonymous_8)
FNDA:19,(anonymous_9)
FNDA:19,(anonymous_10)
FNDA:17,(anonymous_11)
FNDA:17,(anonymous_12)
FNDA:17,(anonymous_13)
FNDA:17,(anonymous_14)
FNDA:7,(anonymous_15)
FNDA:10,(anonymous_16)
DA:1,1
DA:3,1
DA:4,1
DA:5,1
DA:6,1
DA:9,1
DA:11,1
DA:14,1
DA:15,17
DA:16,17
DA:20,1
DA:22,19
DA:31,19
DA:32,19
DA:33,19
DA:35,19
DA:37,19
DA:38,2
DA:41,17
DA:42,0
DA:46,17
DA:113,17
DA:195,17
DA:196,17
DA:199,17
DA:200,17
DA:201,17
DA:203,17
DA:205,17
DA:215,17
DA:216,16
DA:217,16
DA:219,16
DA:225,16
DA:235,17
DA:236,1
DA:239,16
DA:241,16
DA:242,0
DA:245,16
DA:249,16
DA:250,0
DA:251,0
DA:252,16
DA:253,16
DA:255,0
DA:256,0
DA:260,16
DA:261,0
DA:262,0
DA:266,16
DA:269,16
DA:272,16
DA:275,16
DA:276,16
DA:277,15
DA:281,16
DA:282,16
DA:284,1
DA:285,1
DA:286,1
DA:290,15
DA:291,3
DA:292,7
DA:294,7
DA:296,7
DA:298,3
DA:302,15
DA:303,15
DA:304,0
DA:305,0
DA:306,0
DA:309,15
DA:312,15
DA:313,11
DA:318,11
DA:319,10
DA:321,10
DA:339,10
DA:341,10
DA:342,10
DA:343,10
DA:349,10
DA:355,0
DA:361,0
DA:362,0
DA:363,0
DA:372,15
DA:373,15
DA:374,15
DA:375,15
DA:377,15
DA:380,2
DA:381,2
DA:383,2
DA:385,2
DA:386,0
DA:387,2
DA:388,0
DA:389,2
DA:390,0
DA:392,2
DA:394,0
LF:103
LH:84
BRDA:9,0,0,1
BRDA:9,0,1,1
BRDA:11,1,0,1
BRDA:11,1,1,1
BRDA:37,2,0,2
BRDA:37,3,0,19
BRDA:37,3,1,18
BRDA:41,4,0,0
BRDA:235,5,0,1
BRDA:236,6,0,1
BRDA:236,6,1,0
BRDA:241,7,0,0
BRDA:245,8,0,16
BRDA:245,8,1,0
BRDA:249,9,0,0
BRDA:249,9,1,16
BRDA:249,10,0,16
BRDA:249,10,1,0
BRDA:249,10,2,0
BRDA:249,10,3,0
BRDA:252,11,0,16
BRDA:252,11,1,0
BRDA:260,12,0,0
BRDA:276,13,0,15
BRDA:286,14,0,1
BRDA:286,14,1,0
BRDA:290,15,0,3
BRDA:290,16,0,15
BRDA:290,16,1,3
BRDA:292,17,0,7
BRDA:292,18,0,7
BRDA:292,18,1,7
BRDA:292,18,2,7
BRDA:303,19,0,0
BRDA:312,20,0,11
BRDA:312,21,0,15
BRDA:312,21,1,4
BRDA:315,22,0,11
BRDA:315,22,1,1
BRDA:315,23,0,1
BRDA:315,23,1,10
BRDA:315,24,0,11
BRDA:315,24,1,11
BRDA:318,25,0,10
BRDA:318,26,0,11
BRDA:318,26,1,10
BRDA:322,27,0,10
BRDA:322,27,1,8
BRDA:323,28,0,1
BRDA:323,28,1,9
BRDA:323,29,0,1
BRDA:323,29,1,8
BRDA:324,30,0,10
BRDA:324,30,1,9
BRDA:325,31,0,10
BRDA:325,31,1,0
BRDA:326,32,0,10
BRDA:326,32,1,0
BRDA:327,33,0,10
BRDA:327,33,1,6
BRDA:328,34,0,10
BRDA:328,34,1,10
BRDA:330,35,0,10
BRDA:330,35,1,10
BRDA:356,36,0,0
BRDA:356,36,1,0
BRDA:357,37,0,0
BRDA:357,37,1,0
BRDA:357,38,0,0
BRDA:357,38,1,0
BRDA:357,39,0,0
BRDA:357,39,1,0
BRDA:365,40,0,0
BRDA:365,40,1,0
BRDA:365,41,0,0
BRDA:365,41,1,0
BRDA:365,42,0,0
BRDA:365,42,1,0
BRDA:374,43,0,15
BRDA:374,43,1,12
BRDA:374,44,0,12
BRDA:374,44,1,3
BRDA:374,45,0,15
BRDA:374,45,1,15
BRDA:374,46,0,15
BRDA:374,46,1,1
BRDA:374,47,0,1
BRDA:374,47,1,14
BRDA:374,48,0,15
BRDA:374,48,1,15
BRDA:374,49,0,15
BRDA:374,49,1,14
BRDA:374,50,0,14
BRDA:374,50,1,1
BRDA:374,51,0,15
BRDA:374,51,1,15
BRDA:383,52,0,2
BRDA:383,52,1,0
BRDA:385,53,0,0
BRDA:385,53,1,2
BRDA:387,54,0,0
BRDA:387,54,1,2
BRDA:387,55,0,2
BRDA:387,55,1,2
BRDA:389,56,0,0
BRF:105
BRH:73
end_of_record
